2023-12-20 14:53:18,088 [1] INFO  - Loaded appender: FileAppenderExternal
2023-12-20 14:53:18,114 [1] INFO  - Loaded appender: UserLoggerAppender
2023-12-20 14:53:18,115 [1] INFO  - Loaded appender: FileAppenderInternal
2023-12-20 14:53:18,117 [1] INFO  - Loaded appender: FileAppenderExternal
2023-12-20 14:53:18,117 [1] INFO  - Loaded appender: UserLoggerAppender
2023-12-20 14:53:18,118 [1] INFO  - Loaded appender: FileAppenderInternal
2023-12-20 14:53:20,878 [18] INFO  - Step 'Start' : Step 'Start' started
2023-12-20 14:53:20,993 [18] INFO  - Step 'Start' ended successfully
2023-12-20 14:53:20,995 [18] INFO  - Step 'Test Flow' : Step 'Test Flow' started
2023-12-20 14:53:21,127 [18] INFO  - Step 'Iteration 1' : Step 'Iteration 1' started
2023-12-20 14:53:21,128 [18] INFO  - Step 'HTTP Request4' : Step 'HTTP Request4' started
2023-12-20 14:53:21,214 [18] INFO  - Step 'HTTP Request4' : Fetching HTTP Url: 'http://localhost:3434/cars-app/carShop/cars'
2023-12-20 14:53:30,723 [18] INFO  - Step 'HTTP Request4' : Server returned status code: 200
2023-12-20 14:53:30,727 [18] INFO  - Step 'HTTP Request4' : HTTP Raw request:
2023-12-20 14:53:30,728 [18] INFO  - Step 'HTTP Request4' : POST http://localhost:3434/cars-app/carShop/cars 1.1
Content-Type: application/json
Host: localhost:3434
Content-Length: 962
Connection: Keep-Alive
{
  "dealer": {
    "class": "com.ca.lisa.demo.CarDealer",
    "id": 4,
    "address": "1673 Blake Rd",
    "city": "Aurora",
    "name": "Aurora Acura",
    "state": "CO",
    "telephone": "303-955-0134",
    "website": "www.aurora_acura.com",
    "zip": "80203"
  },
  "model": {
    "class": "com.ca.lisa.demo.CarModel",
    "id": 5,
    "fuelType": "Gas",
    "make": {
      "class": "com.ca.lisa.demo.CarMake",
      "id": 1,
      "name": "Acura"
    },
    "modelYear": 1996,
    "name": "TL-AWD",
    "subName": "SH-AWD",
    "type": {
      "class": "com.ca.lisa.demo.CarType",
      "id": 7,
      "name": "Sedan"
    }
  },
  "stockNumber": "5",
  "price": "35000",
  "milage": "25000",
  "owners": "1",
  "modelYear": "2022",
  "color": "Black",
  "carTrim": "123",
  "engine": "12345",
  "transmission": "automatic",
  "vin": "2233445566",
  "options": "no",
  "image1": "image12",
  "image2": "image13"
}

2023-12-20 14:53:30,732 [18] INFO  - Step 'HTTP Request4' : HTTP Raw response:
2023-12-20 14:53:30,734 [18] INFO  - Step 'HTTP Request4' : HTTP/1.1 200 OK
X-Application-Context: application:production:3434
Transfer-Encoding: chunked
Content-Type: application/json;charset=UTF-8
Date: Wed, 20 Dec 2023 17:53:30 GMT
Server: Apache-Coyote/1.1
{"class":"com.ca.lisa.demo.CarInventory","id":15,"carTrim":"123","color":"Black","dealer":{"class":"com.ca.lisa.demo.CarDealer","id":4},"engine":"12345","image1":"image12","image2":"image13","makeid":0,"milage":25000,"model":{"class":"com.ca.lisa.demo.CarModel","id":5},"modelYear":2022,"modelid":0,"options":"no","owners":1,"price":35000.0,"stockNumber":"5","transmission":"automatic","vin":"2233445566"}
2023-12-20 14:53:30,758 [18] INFO  - Checkpoint 0: "2233445566" = "2233445566" passed
2023-12-20 14:53:30,762 [18] INFO  - Checkpoint 1: "com.ca.lisa.demo.CarDealer" = "com.ca.lisa.demo.CarDealer" passed
2023-12-20 14:53:30,766 [18] INFO  - Checkpoint 2: "4" = "4" passed
2023-12-20 14:53:30,769 [18] INFO  - Checkpoint 3: "com.ca.lisa.demo.CarModel" = "com.ca.lisa.demo.CarModel" passed
2023-12-20 14:53:30,772 [18] INFO  - Checkpoint 4: "5" = "5" passed
2023-12-20 14:53:30,783 [18] INFO  - Step 'HTTP Request4' ended successfully
2023-12-20 14:53:30,785 [18] INFO  - Step 'HTTP Request5' : Step 'HTTP Request5' started
2023-12-20 14:53:30,788 [18] INFO  - Step 'HTTP Request5' : Fetching HTTP Url: 'http://localhost:3434/cars-app/carShop/cars'
2023-12-20 14:53:31,223 [18] INFO  - Step 'HTTP Request5' : Server returned status code: 200
2023-12-20 14:53:31,224 [18] INFO  - Step 'HTTP Request5' : HTTP Raw request:
2023-12-20 14:53:31,225 [18] INFO  - Step 'HTTP Request5' : GET http://localhost:3434/cars-app/carShop/cars 1.1
Host: localhost:3434

2023-12-20 14:53:31,226 [18] INFO  - Step 'HTTP Request5' : HTTP Raw response:
2023-12-20 14:53:31,228 [18] INFO  - Step 'HTTP Request5' : HTTP/1.1 200 OK
X-Application-Context: application:production:3434
Transfer-Encoding: chunked
Content-Type: application/json;charset=UTF-8
Date: Wed, 20 Dec 2023 17:53:30 GMT
Server: Apache-Coyote/1.1
[{"class":"com.ca.lisa.demo.CarInventory","id":1,"carTrim":"Premium Plus","color":"Silver","dealer":{"class":"com.ca.lisa.demo.CarDealer","id":2,"address":"3800 Motor City Dr","city":"Denver","name":"Mountain Motors Inc","state":"CO","telephone":"303-222-8766","website":"www.mmdenver.com","zip":"80202"},"engine":"2.7 V6","image1":"inventory1.jpg","image2":"cars/interior1.jpg","makeid":2,"milage":138560,"model":{"class":"com.ca.lisa.demo.CarModel","id":10,"fuelType":"Gas","make":{"class":"com.ca.lisa.demo.CarMake","id":2,"name":"Audi"},"modelYear":1996,"name":"A4-B","subName":"Base","type":{"class":"com.ca.lisa.demo.CarType","id":7,"name":"Sedan"}},"modelYear":2011,"modelid":10,"options":"Leather, Navigation, Rear Air","owners":6,"price":3995.0,"stockNumber":"NAD8989","transmission":"Auto","vin":"2T1KR32E37C639014"},{"class":"com.ca.lisa.demo.CarInventory","id":2,"carTrim":"Technology","color":"Black","dealer":{"class":"com.ca.lisa.demo.CarDealer","id":2,"address":"3800 Motor City Dr","city":"Denver","name":"Mountain Motors Inc","state":"CO","telephone":"303-222-8766","website":"www.mmdenver.com","zip":"80202"},"engine":"3.2 V6","image1":"inventory2.jpg","image2":"cars/interior2.jpg","makeid":1,"milage":30650,"model":{"class":"com.ca.lisa.demo.CarModel","id":2,"fuelType":"Gas","make":{"class":"com.ca.lisa.demo.CarMake","id":1,"name":"Acura"},"modelYear":2013,"name":"RLX-AWD","subName":"AWD","type":{"class":"com.ca.lisa.demo.CarType","id":7,"name":"Sedan"}},"modelYear":2013,"modelid":2,"options":"Leather, Navigation, Ski/BikeRack","owners":2,"price":30995.0,"stockNumber":"RA2356/1","transmission":"Auto","vin":"1ZVBP8AM1D5256900"},{"class":"com.ca.lisa.demo.CarInventory","id":3,"carTrim":"Premium","color":"Black","dealer":{"class":"com.ca.lisa.demo.CarDealer","id":4,"address":"1673 Blake Rd","city":"Aurora","name":"Aurora Acura","state":"CO","telephone":"303-955-0134","website":"www.aurora_acura.com","zip":"80203"},"engine":"3.5 V6","image1":"inventory3.jpg","image2":"cars/interior3.jpg","makeid":1,"milage":54650,"model":{"class":"com.ca.lisa.demo.CarModel","id":2,"fuelType":"Gas","make":{"class":"com.ca.lisa.demo.CarMake","id":1,"name":"Acura"},"modelYear":2013,"name":"RLX-AWD","subName":"AWD","type":{"class":"com.ca.lisa.demo.CarType","id":7,"name":"Sedan"}},"modelYear":2012,"modelid":2,"options":"Leather, Navigation, Backup Camera","owners":2,"price":30995.0,"stockNumber":"BN12560","transmission":"Auto","vin":"3N1CB51D35l458771"},{"class":"com.ca.lisa.demo.CarInventory","id":4,"carTrim":"Sport","color":"Silver","dealer":{"class":"com.ca.lisa.demo.CarDealer","id":4,"address":"1673 Blake Rd","city":"Aurora","name":"Aurora Acura","state":"CO","telephone":"303-955-0134","website":"www.aurora_acura.com","zip":"80203"},"engine":"3.5 V6","image1":"inventory4.jpg","image2":"cars/interior4.jpg","makeid":1,"milage":78400,"model":{"class":"com.ca.lisa.demo.CarModel","id":2,"fuelType":"Gas","make":{"class":"com.ca.lisa.demo.CarMake","id":1,"name":"Acura"},"modelYear":2013,"name":"RLX-AWD","subName":"AWD","type":{"class":"com.ca.lisa.demo.CarType","id":7,"name":"Sedan"}},"modelYear":2010,"modelid":2,"options":"Ski Rack, Tow kit","owners":4,"price":21405.0,"stockNumber":"BN13456","transmission":"Auto","vin":"2T1KR32E37C639012"},{"class":"com.ca.lisa.demo.CarInventory","id":5,"carTrim":"Sport","color":"Red","dealer":{"class":"com.ca.lisa.demo.CarDealer","id":4,"address":"1673 Blake Rd","city":"Aurora","name":"Aurora Acura","state":"CO","telephone":"303-955-0134","website":"www.aurora_acura.com","zip":"80203"},"engine":"1.8T","image1":"inventory5.jpg","image2":"cars/interior5.jpg","makeid":2,"milage":98145,"model":{"class":"com.ca.lisa.demo.CarModel","id":11,"fuelType":"Gas","make":{"class":"com.ca.lisa.demo.CarMake","id":2,"name":"Audi"},"modelYear":1996,"name":"S4-S","subName":"Sport","type":{"class":"com.ca.lisa.demo.CarType","id":7,"name":"Sedan"}},"modelYear":2008,"modelid":11,"options":"Leather, Dual Air, 6 Speed","owners":4,"price":7800.0,"stockNumber":"BN13467","transmission":"Manual","vin":"3N1CB51D35l458773"},{"class":"com.ca.lisa.demo.CarInventory","id":6,"carTrim":"xDrivePlus","color":"Black","dealer":{"class":"com.ca.lisa.demo.CarDealer","id":5,"address":"126 Rte 76","city":"Fort Collins","name":"Hilton Honda","state":"CO","telephone":"303-123-6789","website":"www.hiltonhonda.com","zip":"80503"},"engine":"3.5L","image1":"inventory6.jpg","image2":"cars/interior6.jpg","makeid":3,"milage":75350,"model":{"class":"com.ca.lisa.demo.CarModel","id":27,"fuelType":"Gas","make":{"class":"com.ca.lisa.demo.CarMake","id":3,"name":"BMW"},"modelYear":1990,"name":"7-Series-P","subName":"Premium","type":{"class":"com.ca.lisa.demo.CarType","id":7,"name":"Sedan"}},"modelYear":2010,"modelid":27,"options":"Leather, Navigation, Rear Air","owners":1,"price":34500.0,"stockNumber":"N2367J6","transmission":"Auto","vin":"3N1CB51D35l458774"},{"class":"com.ca.lisa.demo.CarInventory","id":7,"carTrim":"Base","color":"Blue","dealer":{"class":"com.ca.lisa.demo.CarDealer","id":6,"address":"570 Lane St","city":"Englewood","name":"Terrys VW","state":"CO","telephone":"303- 560-3412","website":"www.terry_vag.com","zip":"80205"},"engine":"2.0T","image1":"inventory7.jpg","image2":"cars/interior7.jpg","makeid":2,"milage":104300,"model":{"class":"com.ca.lisa.demo.CarModel","id":10,"fuelType":"Gas","make":{"class":"com.ca.lisa.demo.CarMake","id":2,"name":"Audi"},"modelYear":1996,"name":"A4-B","subName":"Base","type":{"class":"com.ca.lisa.demo.CarType","id":7,"name":"Sedan"}},"modelYear":2008,"modelid":10,"options":"Premium Audio Upgrade","owners":1,"price":10750.0,"stockNumber":"ASN29001","transmission":"Auto","vin":"2T1KR32E37C639015"},{"class":"com.ca.lisa.demo.CarInventory","id":8,"carTrim":"Premium","color":"Silver","dealer":{"class":"com.ca.lisa.demo.CarDealer","id":6,"address":"570 Lane St","city":"Englewood","name":"Terrys VW","state":"CO","telephone":"303- 560-3412","website":"www.terry_vag.com","zip":"80205"},"engine":"2.0T","image1":"inventory8.jpg","image2":"cars/interior8.jpg","makeid":2,"milage":62000,"model":{"class":"com.ca.lisa.demo.CarModel","id":10,"fuelType":"Gas","make":{"class":"com.ca.lisa.demo.CarMake","id":2,"name":"Audi"},"modelYear":1996,"name":"A4-B","subName":"Base","type":{"class":"com.ca.lisa.demo.CarType","id":7,"name":"Sedan"}},"modelYear":2012,"modelid":10,"options":"Leather, Navigation, Bluetooth","owners":3,"price":20400.0,"stockNumber":"ASN34501","transmission":"Auto","vin":"1ZVBP8AM1D5256906"},{"class":"com.ca.lisa.demo.CarInventory","id":9,"carTrim":"Base","color":"Silver","dealer":{"class":"com.ca.lisa.demo.CarDealer","id":6,"address":"570 Lane St","city":"Englewood","name":"Terrys VW","state":"CO","telephone":"303- 560-3412","website":"www.terry_vag.com","zip":"80205"},"engine":"3.0L","image1":"inventory9.jpg","image2":"cars/interior9.jpg","makeid":3,"milage":58900,"model":{"class":"com.ca.lisa.demo.CarModel","id":27,"fuelType":"Gas","make":{"class":"com.ca.lisa.demo.CarMake","id":3,"name":"BMW"},"modelYear":1990,"name":"7-Series-P","subName":"Premium","type":{"class":"com.ca.lisa.demo.CarType","id":7,"name":"Sedan"}},"modelYear":2009,"modelid":27,"options":"Leather, Navigation, Rear Air","owners":2,"price":32295.0,"stockNumber":"ASN90845","transmission":"Auto","vin":"1ZVBP8AM1D5256907"},{"class":"com.ca.lisa.demo.CarInventory","id":10,"carTrim":"Technology Plus","color":"Black","dealer":{"class":"com.ca.lisa.demo.CarDealer","id":5,"address":"126 Rte 76","city":"Fort Collins","name":"Hilton Honda","state":"CO","telephone":"303-123-6789","website":"www.hiltonhonda.com","zip":"80503"},"engine":"3.5 V6","image1":"inventory10.jpg","image2":"cars/interior10.jpg","makeid":1,"milage":54650,"model":{"class":"com.ca.lisa.demo.CarModel","id":1,"fuelType":"Gas","make":{"class":"com.ca.lisa.demo.CarMake","id":1,"name":"Acura"},"modelYear":2013,"name":"RLX-B","subName":"Base","type":{"class":"com.ca.lisa.demo.CarType","id":7,"name":"Sedan"}},"modelYear":2012,"modelid":1,"options":"Leather, Navigation, Backup Camera","owners":2,"price":30995.0,"stockNumber":"245980A","transmission":"Auto","vin":"3N1CB51D35l458778"},{"class":"com.ca.lisa.demo.CarInventory","id":11,"carTrim":"Technology Plus","color":"Green","dealer":{"class":"com.ca.lisa.demo.CarDealer","id":5,"address":"126 Rte 76","city":"Fort Collins","name":"Hilton Honda","state":"CO","telephone":"303-123-6789","website":"www.hiltonhonda.com","zip":"80503"},"engine":"3.5 V8","image1":"inventory11.jpg","image2":"cars/interior11.jpg","makeid":1,"milage":74850,"model":{"class":"com.ca.lisa.demo.CarModel","id":1,"fuelType":"Gas","make":{"class":"com.ca.lisa.demo.CarMake","id":1,"name":"Acura"},"modelYear":2013,"name":"RLX-B","subName":"Base","type":{"class":"com.ca.lisa.demo.CarType","id":7,"name":"Sedan"}},"modelYear":2011,"modelid":1,"options":"Leather, Navigation","owners":1,"price":20995.0,"stockNumber":"245180A","transmission":"Auto","vin":"3N1CB41D32l458778"},{"class":"com.ca.lisa.demo.CarInventory","id":12,"carTrim":"Luxury","color":"Black","dealer":{"class":"com.ca.lisa.demo.CarDealer","id":5,"address":"126 Rte 76","city":"Fort Collins","name":"Hilton Honda","state":"CO","telephone":"303-123-6789","website":"www.hiltonhonda.com","zip":"80503"},"engine":"3.0 V6","image1":"inventory22.jpg","image2":"cars/interior21.jpg","makeid":2,"milage":24650,"model":{"class":"com.ca.lisa.demo.CarModel","id":12,"fuelType":"Gas","make":{"class":"com.ca.lisa.demo.CarMake","id":2,"name":"Audi"},"modelYear":1996,"name":"A4-C","subName":"Convertible","type":{"class":"com.ca.lisa.demo.CarType","id":1,"name":"Convertible"}},"modelYear":2012,"modelid":12,"options":"Leather","owners":2,"price":11995.0,"stockNumber":"246987A","transmission":"Auto","vin":"3H1CB51D35l453773"},{"class":"com.ca.lisa.demo.CarInventory","id":13,"carTrim":"Base","color":"Black","dealer":{"class":"com.ca.lisa.demo.CarDealer","id":6,"address":"570 Lane St","city":"Englewood","name":"Terrys VW","state":"CO","telephone":"303- 560-3412","website":"www.terry_vag.com","zip":"80205"},"engine":"3.0L","image1":"inventory23.jpg","image2":"cars/interior23.jpg","makeid":3,"milage":58900,"model":{"class":"com.ca.lisa.demo.CarModel","id":23,"fuelType":"Gas","make":{"class":"com.ca.lisa.demo.CarMake","id":3,"name":"BMW"},"modelYear":1990,"name":"3-Series-S","subName":"Sedan","type":{"class":"com.ca.lisa.demo.CarType","id":7,"name":"Sedan"}},"modelYear":2011,"modelid":23,"options":"Leather, Navigation","owners":2,"price":12295.0,"stockNumber":"ASN90856","transmission":"Auto","vin":"1XCBP8AM1D5256909"},{"class":"com.ca.lisa.demo.CarInventory","id":14,"carTrim":"Base","color":"Black","dealer":{"class":"com.ca.lisa.demo.CarDealer","id":6,"address":"570 Lane St","city":"Englewood","name":"Terrys VW","state":"CO","telephone":"303- 560-3412","website":"www.terry_vag.com","zip":"80205"},"engine":"3.5L","image1":"inventory24.jpg","image2":"cars/interior24.jpg","makeid":3,"milage":68900,"model":{"class":"com.ca.lisa.demo.CarModel","id":26,"fuelType":"Gas","make":{"class":"com.ca.lisa.demo.CarMake","id":3,"name":"BMW"},"modelYear":1990,"name":"5-Series-S","subName":"Sedan","type":{"class":"com.ca.lisa.demo.CarType","id":7,"name":"Sedan"}},"modelYear":2009,"modelid":26,"options":"Leather, Navigation","owners":1,"price":35295.0,"stockNumber":"ASN70851","transmission":"Auto","vin":"7XCBP8AM1D5256910"},{"class":"com.ca.lisa.demo.CarInventory","id":15,"carTrim":"123","color":"Black","dealer":{"class":"com.ca.lisa.demo.CarDealer","id":4,"address":"1673 Blake Rd","city":"Aurora","name":"Aurora Acura","state":"CO","telephone":"303-955-0134","website":"www.aurora_acura.com","zip":"80203"},"engine":"12345","image1":"image12","image2":"image13","makeid":0,"milage":25000,"model":{"class":"com.ca.lisa.demo.CarModel","id":5,"fuelType":"Gas","make":{"class":"com.ca.lisa.demo.CarMake","id":1,"name":"Acura"},"modelYear":1996,"name":"TL-AWD","subName":"SH-AWD","type":{"class":"com.ca.lisa.demo.CarType","id":7,"name":"Sedan"}},"modelYear":2022,"modelid":0,"options":"no","owners":1,"price":35000.0,"stockNumber":"5","transmission":"automatic","vin":"2233445566"}]
2023-12-20 14:53:31,236 [18] INFO  - Checkpoint 5: "[{"class":"com.ca.lisa.demo.CarInventory","id":1,"carTrim":"Premium Plus","color":"Silver","dealer":{"class":"com.ca.lisa.demo.CarDealer","id":2,"address":"3800 Motor City Dr","city":"Denver","name":"Mountain Motors Inc","state":"CO","telephone":"303-222-8766","website":"www.mmdenver.com","zip":"80202"},"engine":"2.7 V6","image1":"inventory1.jpg","image2":"cars/interior1.jpg","makeid":2,"milage":138560,"model":{"class":"com.ca.lisa.demo.CarModel","id":10,"fuelType":"Gas","make":{"class":"com.ca.lisa.demo.CarMake","id":2,"name":"Audi"},"modelYear":1996,"name":"A4-B","subName":"Base","type":{"class":"com.ca.lisa.demo.CarType","id":7,"name":"Sedan"}},"modelYear":2011,"modelid":10,"options":"Leather, Navigation, Rear Air","owners":6,"price":3995.0,"stockNumber":"NAD8989","transmission":"Auto","vin":"2T1KR32E37C639014"},{"class":"com.ca.lisa.demo.CarInventory","id":2,"carTrim":"Technology","color":"Black","dealer":{"class":"com.ca.lisa.demo.CarDealer","id":2,"address":"3800 Motor City Dr","city":"Denver","name":"Mountain Motors Inc","state":"CO","telephone":"303-222-8766","website":"www.mmdenver.com","zip":"80202"},"engine":"3.2 V6","image1":"inventory2.jpg","image2":"cars/interior2.jpg","makeid":1,"milage":30650,"model":{"class":"com.ca.lisa.demo.CarModel","id":2,"fuelType":"Gas","make":{"class":"com.ca.lisa.demo.CarMake","id":1,"name":"Acura"},"modelYear":2013,"name":"RLX-AWD","subName":"AWD","type":{"class":"com.ca.lisa.demo.CarType","id":7,"name":"Sedan"}},"modelYear":2013,"modelid":2,"options":"Leather, Navigation, Ski/BikeRack","owners":2,"price":30995.0,"stockNumber":"RA2356/1","transmission":"Auto","vin":"1ZVBP8AM1D5256900"},{"class":"com.ca.lisa.demo.CarInventory","id":3,"carTrim":"Premium","color":"Black","dealer":{"class":"com.ca.lisa.demo.CarDealer","id":4,"address":"1673 Blake Rd","city":"Aurora","name":"Aurora Acura","state":"CO","telephone":"303-955-0134","website":"www.aurora_acura.com","zip":"80203"},"engine":"3.5 V6","image1":"inventory3.jpg","image2":"cars/interior3.jpg","makeid":1,"milage":54650,"model":{"class":"com.ca.lisa.demo.CarModel","id":2,"fuelType":"Gas","make":{"class":"com.ca.lisa.demo.CarMake","id":1,"name":"Acura"},"modelYear":2013,"name":"RLX-AWD","subName":"AWD","type":{"class":"com.ca.lisa.demo.CarType","id":7,"name":"Sedan"}},"modelYear":2012,"modelid":2,"options":"Leather, Navigation, Backup Camera","owners":2,"price":30995.0,"stockNumber":"BN12560","transmission":"Auto","vin":"3N1CB51D35l458771"},{"class":"com.ca.lisa.demo.CarInventory","id":4,"carTrim":"Sport","color":"Silver","dealer":{"class":"com.ca.lisa.demo.CarDealer","id":4,"address":"1673 Blake Rd","city":"Aurora","name":"Aurora Acura","state":"CO","telephone":"303-955-0134","website":"www.aurora_acura.com","zip":"80203"},"engine":"3.5 V6","image1":"inventory4.jpg","image2":"cars/interior4.jpg","makeid":1,"milage":78400,"model":{"class":"com.ca.lisa.demo.CarModel","id":2,"fuelType":"Gas","make":{"class":"com.ca.lisa.demo.CarMake","id":1,"name":"Acura"},"modelYear":2013,"name":"RLX-AWD","subName":"AWD","type":{"class":"com.ca.lisa.demo.CarType","id":7,"name":"Sedan"}},"modelYear":2010,"modelid":2,"options":"Ski Rack, Tow kit","owners":4,"price":21405.0,"stockNumber":"BN13456","transmission":"Auto","vin":"2T1KR32E37C639012"},{"class":"com.ca.lisa.demo.CarInventory","id":5,"carTrim":"Sport","color":"Red","dealer":{"class":"com.ca.lisa.demo.CarDealer","id":4,"address":"1673 Blake Rd","city":"Aurora","name":"Aurora Acura","state":"CO","telephone":"303-955-0134","website":"www.aurora_acura.com","zip":"80203"},"engine":"1.8T","image1":"inventory5.jpg","image2":"cars/interior5.jpg","makeid":2,"milage":98145,"model":{"class":"com.ca.lisa.demo.CarModel","id":11,"fuelType":"Gas","make":{"class":"com.ca.lisa.demo.CarMake","id":2,"name":"Audi"},"modelYear":1996,"name":"S4-S","subName":"Sport","type":{"class":"com.ca.lisa.demo.CarType","id":7,"name":"Sedan"}},"modelYear":2008,"modelid":11,"options":"Leather, Dual Air, 6 Speed","owners":4,"price":7800.0,"stockNumber":"BN13467","transmission":"Manual","vin":"3N1CB51D35l458773"},{"class":"com.ca.lisa.demo.CarInventory","id":6,"carTrim":"xDrivePlus","color":"Black","dealer":{"class":"com.ca.lisa.demo.CarDealer","id":5,"address":"126 Rte 76","city":"Fort Collins","name":"Hilton Honda","state":"CO","telephone":"303-123-6789","website":"www.hiltonhonda.com","zip":"80503"},"engine":"3.5L","image1":"inventory6.jpg","image2":"cars/interior6.jpg","makeid":3,"milage":75350,"model":{"class":"com.ca.lisa.demo.CarModel","id":27,"fuelType":"Gas","make":{"class":"com.ca.lisa.demo.CarMake","id":3,"name":"BMW"},"modelYear":1990,"name":"7-Series-P","subName":"Premium","type":{"class":"com.ca.lisa.demo.CarType","id":7,"name":"Sedan"}},"modelYear":2010,"modelid":27,"options":"Leather, Navigation, Rear Air","owners":1,"price":34500.0,"stockNumber":"N2367J6","transmission":"Auto","vin":"3N1CB51D35l458774"},{"class":"com.ca.lisa.demo.CarInventory","id":7,"carTrim":"Base","color":"Blue","dealer":{"class":"com.ca.lisa.demo.CarDealer","id":6,"address":"570 Lane St","city":"Englewood","name":"Terrys VW","state":"CO","telephone":"303- 560-3412","website":"www.terry_vag.com","zip":"80205"},"engine":"2.0T","image1":"inventory7.jpg","image2":"cars/interior7.jpg","makeid":2,"milage":104300,"model":{"class":"com.ca.lisa.demo.CarModel","id":10,"fuelType":"Gas","make":{"class":"com.ca.lisa.demo.CarMake","id":2,"name":"Audi"},"modelYear":1996,"name":"A4-B","subName":"Base","type":{"class":"com.ca.lisa.demo.CarType","id":7,"name":"Sedan"}},"modelYear":2008,"modelid":10,"options":"Premium Audio Upgrade","owners":1,"price":10750.0,"stockNumber":"ASN29001","transmission":"Auto","vin":"2T1KR32E37C639015"},{"class":"com.ca.lisa.demo.CarInventory","id":8,"carTrim":"Premium","color":"Silver","dealer":{"class":"com.ca.lisa.demo.CarDealer","id":6,"address":"570 Lane St","city":"Englewood","name":"Terrys VW","state":"CO","telephone":"303- 560-3412","website":"www.terry_vag.com","zip":"80205"},"engine":"2.0T","image1":"inventory8.jpg","image2":"cars/interior8.jpg","makeid":2,"milage":62000,"model":{"class":"com.ca.lisa.demo.CarModel","id":10,"fuelType":"Gas","make":{"class":"com.ca.lisa.demo.CarMake","id":2,"name":"Audi"},"modelYear":1996,"name":"A4-B","subName":"Base","type":{"class":"com.ca.lisa.demo.CarType","id":7,"name":"Sedan"}},"modelYear":2012,"modelid":10,"options":"Leather, Navigation, Bluetooth","owners":3,"price":20400.0,"stockNumber":"ASN34501","transmission":"Auto","vin":"1ZVBP8AM1D5256906"},{"class":"com.ca.lisa.demo.CarInventory","id":9,"carTrim":"Base","color":"Silver","dealer":{"class":"com.ca.lisa.demo.CarDealer","id":6,"address":"570 Lane St","city":"Englewood","name":"Terrys VW","state":"CO","telephone":"303- 560-3412","website":"www.terry_vag.com","zip":"80205"},"engine":"3.0L","image1":"inventory9.jpg","image2":"cars/interior9.jpg","makeid":3,"milage":58900,"model":{"class":"com.ca.lisa.demo.CarModel","id":27,"fuelType":"Gas","make":{"class":"com.ca.lisa.demo.CarMake","id":3,"name":"BMW"},"modelYear":1990,"name":"7-Series-P","subName":"Premium","type":{"class":"com.ca.lisa.demo.CarType","id":7,"name":"Sedan"}},"modelYear":2009,"modelid":27,"options":"Leather, Navigation, Rear Air","owners":2,"price":32295.0,"stockNumber":"ASN90845","transmission":"Auto","vin":"1ZVBP8AM1D5256907"},{"class":"com.ca.lisa.demo.CarInventory","id":10,"carTrim":"Technology Plus","color":"Black","dealer":{"class":"com.ca.lisa.demo.CarDealer","id":5,"address":"126 Rte 76","city":"Fort Collins","name":"Hilton Honda","state":"CO","telephone":"303-123-6789","website":"www.hiltonhonda.com","zip":"80503"},"engine":"3.5 V6","image1":"inventory10.jpg","image2":"cars/interior10.jpg","makeid":1,"milage":54650,"model":{"class":"com.ca.lisa.demo.CarModel","id":1,"fuelType":"Gas","make":{"class":"com.ca.lisa.demo.CarMake","id":1,"name":"Acura"},"modelYear":2013,"name":"RLX-B","subName":"Base","type":{"class":"com.ca.lisa.demo.CarType","id":7,"name":"Sedan"}},"modelYear":2012,"modelid":1,"options":"Leather, Navigation, Backup Camera","owners":2,"price":30995.0,"stockNumber":"245980A","transmission":"Auto","vin":"3N1CB51D35l458778"},{"class":"com.ca.lisa.demo.CarInventory","id":11,"carTrim":"Technology Plus","color":"Green","dealer":{"class":"com.ca.lisa.demo.CarDealer","id":5,"address":"126 Rte 76","city":"Fort Collins","name":"Hilton Honda","state":"CO","telephone":"303-123-6789","website":"www.hiltonhonda.com","zip":"80503"},"engine":"3.5 V8","image1":"inventory11.jpg","image2":"cars/interior11.jpg","makeid":1,"milage":74850,"model":{"class":"com.ca.lisa.demo.CarModel","id":1,"fuelType":"Gas","make":{"class":"com.ca.lisa.demo.CarMake","id":1,"name":"Acura"},"modelYear":2013,"name":"RLX-B","subName":"Base","type":{"class":"com.ca.lisa.demo.CarType","id":7,"name":"Sedan"}},"modelYear":2011,"modelid":1,"options":"Leather, Navigation","owners":1,"price":20995.0,"stockNumber":"245180A","transmission":"Auto","vin":"3N1CB41D32l458778"},{"class":"com.ca.lisa.demo.CarInventory","id":12,"carTrim":"Luxury","color":"Black","dealer":{"class":"com.ca.lisa.demo.CarDealer","id":5,"address":"126 Rte 76","city":"Fort Collins","name":"Hilton Honda","state":"CO","telephone":"303-123-6789","website":"www.hiltonhonda.com","zip":"80503"},"engine":"3.0 V6","image1":"inventory22.jpg","image2":"cars/interior21.jpg","makeid":2,"milage":24650,"model":{"class":"com.ca.lisa.demo.CarModel","id":12,"fuelType":"Gas","make":{"class":"com.ca.lisa.demo.CarMake","id":2,"name":"Audi"},"modelYear":1996,"name":"A4-C","subName":"Convertible","type":{"class":"com.ca.lisa.demo.CarType","id":1,"name":"Convertible"}},"modelYear":2012,"modelid":12,"options":"Leather","owners":2,"price":11995.0,"stockNumber":"246987A","transmission":"Auto","vin":"3H1CB51D35l453773"},{"class":"com.ca.lisa.demo.CarInventory","id":13,"carTrim":"Base","color":"Black","dealer":{"class":"com.ca.lisa.demo.CarDealer","id":6,"address":"570 Lane St","city":"Englewood","name":"Terrys VW","state":"CO","telephone":"303- 560-3412","website":"www.terry_vag.com","zip":"80205"},"engine":"3.0L","image1":"inventory23.jpg","image2":"cars/interior23.jpg","makeid":3,"milage":58900,"model":{"class":"com.ca.lisa.demo.CarModel","id":23,"fuelType":"Gas","make":{"class":"com.ca.lisa.demo.CarMake","id":3,"name":"BMW"},"modelYear":1990,"name":"3-Series-S","subName":"Sedan","type":{"class":"com.ca.lisa.demo.CarType","id":7,"name":"Sedan"}},"modelYear":2011,"modelid":23,"options":"Leather, Navigation","owners":2,"price":12295.0,"stockNumber":"ASN90856","transmission":"Auto","vin":"1XCBP8AM1D5256909"},{"class":"com.ca.lisa.demo.CarInventory","id":14,"carTrim":"Base","color":"Black","dealer":{"class":"com.ca.lisa.demo.CarDealer","id":6,"address":"570 Lane St","city":"Englewood","name":"Terrys VW","state":"CO","telephone":"303- 560-3412","website":"www.terry_vag.com","zip":"80205"},"engine":"3.5L","image1":"inventory24.jpg","image2":"cars/interior24.jpg","makeid":3,"milage":68900,"model":{"class":"com.ca.lisa.demo.CarModel","id":26,"fuelType":"Gas","make":{"class":"com.ca.lisa.demo.CarMake","id":3,"name":"BMW"},"modelYear":1990,"name":"5-Series-S","subName":"Sedan","type":{"class":"com.ca.lisa.demo.CarType","id":7,"name":"Sedan"}},"modelYear":2009,"modelid":26,"options":"Leather, Navigation","owners":1,"price":35295.0,"stockNumber":"ASN70851","transmission":"Auto","vin":"7XCBP8AM1D5256910"},{"class":"com.ca.lisa.demo.CarInventory","id":15,"carTrim":"123","color":"Black","dealer":{"class":"com.ca.lisa.demo.CarDealer","id":4,"address":"1673 Blake Rd","city":"Aurora","name":"Aurora Acura","state":"CO","telephone":"303-955-0134","website":"www.aurora_acura.com","zip":"80203"},"engine":"12345","image1":"image12","image2":"image13","makeid":0,"milage":25000,"model":{"class":"com.ca.lisa.demo.CarModel","id":5,"fuelType":"Gas","make":{"class":"com.ca.lisa.demo.CarMake","id":1,"name":"Acura"},"modelYear":1996,"name":"TL-AWD","subName":"SH-AWD","type":{"class":"com.ca.lisa.demo.CarType","id":7,"name":"Sedan"}},"modelYear":2022,"modelid":0,"options":"no","owners":1,"price":35000.0,"stockNumber":"5","transmission":"automatic","vin":"2233445566"}]" Contains "2233445566" passed
2023-12-20 14:53:31,239 [18] INFO  - Step 'HTTP Request5' ended successfully
2023-12-20 14:53:31,244 [18] INFO  - Step 'Iteration 1' ended successfully
2023-12-20 14:53:31,248 [18] INFO  - Step 'Iteration 2' : Step 'Iteration 2' started
2023-12-20 14:53:31,251 [18] INFO  - Step 'HTTP Request4' : Step 'HTTP Request4' started
2023-12-20 14:53:31,255 [18] INFO  - Step 'HTTP Request4' : Fetching HTTP Url: 'http://localhost:3434/cars-app/carShop/cars'
2023-12-20 14:53:31,491 [18] INFO  - Step 'HTTP Request4' : Server returned status code: 200
2023-12-20 14:53:31,497 [18] INFO  - Step 'HTTP Request4' : HTTP Raw request:
2023-12-20 14:53:31,504 [18] INFO  - Step 'HTTP Request4' : POST http://localhost:3434/cars-app/carShop/cars 1.1
Content-Type: application/json
Host: localhost:3434
Content-Length: 958
{
  "dealer": {
    "class": "com.ca.lisa.demo.CarDealer",
    "id": 4,
    "address": "1673 Blake Rd",
    "city": "Aurora",
    "name": "Aurora Acura",
    "state": "CO",
    "telephone": "303-955-0134",
    "website": "www.aurora_acura.com",
    "zip": "80203"
  },
  "model": {
    "class": "com.ca.lisa.demo.CarModel",
    "id": 5,
    "fuelType": "Gas",
    "make": {
      "class": "com.ca.lisa.demo.CarMake",
      "id": 1,
      "name": "Acura"
    },
    "modelYear": 1996,
    "name": "TL-AWD",
    "subName": "SH-AWD",
    "type": {
      "class": "com.ca.lisa.demo.CarType",
      "id": 7,
      "name": "Sedan"
    }
  },
  "stockNumber": "2",
  "price": "57000",
  "milage": "36000",
  "owners": "2",
  "modelYear": "2023",
  "color": "Red",
  "carTrim": "456",
  "engine": "67890",
  "transmission": "manual",
  "vin": "7788990011",
  "options": "yes",
  "image1": "image14",
  "image2": "image15"
}

2023-12-20 14:53:31,508 [18] INFO  - Step 'HTTP Request4' : HTTP Raw response:
2023-12-20 14:53:31,511 [18] INFO  - Step 'HTTP Request4' : HTTP/1.1 200 OK
X-Application-Context: application:production:3434
Transfer-Encoding: chunked
Content-Type: application/json;charset=UTF-8
Date: Wed, 20 Dec 2023 17:53:30 GMT
Server: Apache-Coyote/1.1
{"class":"com.ca.lisa.demo.CarInventory","id":16,"carTrim":"456","color":"Red","dealer":{"class":"com.ca.lisa.demo.CarDealer","id":4},"engine":"67890","image1":"image14","image2":"image15","makeid":0,"milage":36000,"model":{"class":"com.ca.lisa.demo.CarModel","id":5},"modelYear":2023,"modelid":0,"options":"yes","owners":2,"price":57000.0,"stockNumber":"2","transmission":"manual","vin":"7788990011"}
2023-12-20 14:53:31,514 [18] INFO  - Checkpoint 0: "7788990011" = "7788990011" passed
2023-12-20 14:53:31,517 [18] INFO  - Checkpoint 1: "com.ca.lisa.demo.CarDealer" = "com.ca.lisa.demo.CarDealer" passed
2023-12-20 14:53:31,520 [18] INFO  - Checkpoint 2: "4" = "4" passed
2023-12-20 14:53:31,524 [18] INFO  - Checkpoint 3: "com.ca.lisa.demo.CarModel" = "com.ca.lisa.demo.CarModel" passed
2023-12-20 14:53:31,526 [18] INFO  - Checkpoint 4: "5" = "5" passed
2023-12-20 14:53:31,532 [18] INFO  - Step 'HTTP Request4' ended successfully
2023-12-20 14:53:31,534 [18] INFO  - Step 'HTTP Request5' : Step 'HTTP Request5' started
2023-12-20 14:53:31,538 [18] INFO  - Step 'HTTP Request5' : Fetching HTTP Url: 'http://localhost:3434/cars-app/carShop/cars'
2023-12-20 14:53:31,701 [18] INFO  - Step 'HTTP Request5' : Server returned status code: 200
2023-12-20 14:53:31,703 [18] INFO  - Step 'HTTP Request5' : HTTP Raw request:
2023-12-20 14:53:31,705 [18] INFO  - Step 'HTTP Request5' : GET http://localhost:3434/cars-app/carShop/cars 1.1
Host: localhost:3434

2023-12-20 14:53:31,708 [18] INFO  - Step 'HTTP Request5' : HTTP Raw response:
2023-12-20 14:53:31,710 [18] INFO  - Step 'HTTP Request5' : HTTP/1.1 200 OK
X-Application-Context: application:production:3434
Transfer-Encoding: chunked
Content-Type: application/json;charset=UTF-8
Date: Wed, 20 Dec 2023 17:53:30 GMT
Server: Apache-Coyote/1.1
[{"class":"com.ca.lisa.demo.CarInventory","id":1,"carTrim":"Premium Plus","color":"Silver","dealer":{"class":"com.ca.lisa.demo.CarDealer","id":2,"address":"3800 Motor City Dr","city":"Denver","name":"Mountain Motors Inc","state":"CO","telephone":"303-222-8766","website":"www.mmdenver.com","zip":"80202"},"engine":"2.7 V6","image1":"inventory1.jpg","image2":"cars/interior1.jpg","makeid":2,"milage":138560,"model":{"class":"com.ca.lisa.demo.CarModel","id":10,"fuelType":"Gas","make":{"class":"com.ca.lisa.demo.CarMake","id":2,"name":"Audi"},"modelYear":1996,"name":"A4-B","subName":"Base","type":{"class":"com.ca.lisa.demo.CarType","id":7,"name":"Sedan"}},"modelYear":2011,"modelid":10,"options":"Leather, Navigation, Rear Air","owners":6,"price":3995.0,"stockNumber":"NAD8989","transmission":"Auto","vin":"2T1KR32E37C639014"},{"class":"com.ca.lisa.demo.CarInventory","id":2,"carTrim":"Technology","color":"Black","dealer":{"class":"com.ca.lisa.demo.CarDealer","id":2,"address":"3800 Motor City Dr","city":"Denver","name":"Mountain Motors Inc","state":"CO","telephone":"303-222-8766","website":"www.mmdenver.com","zip":"80202"},"engine":"3.2 V6","image1":"inventory2.jpg","image2":"cars/interior2.jpg","makeid":1,"milage":30650,"model":{"class":"com.ca.lisa.demo.CarModel","id":2,"fuelType":"Gas","make":{"class":"com.ca.lisa.demo.CarMake","id":1,"name":"Acura"},"modelYear":2013,"name":"RLX-AWD","subName":"AWD","type":{"class":"com.ca.lisa.demo.CarType","id":7,"name":"Sedan"}},"modelYear":2013,"modelid":2,"options":"Leather, Navigation, Ski/BikeRack","owners":2,"price":30995.0,"stockNumber":"RA2356/1","transmission":"Auto","vin":"1ZVBP8AM1D5256900"},{"class":"com.ca.lisa.demo.CarInventory","id":3,"carTrim":"Premium","color":"Black","dealer":{"class":"com.ca.lisa.demo.CarDealer","id":4,"address":"1673 Blake Rd","city":"Aurora","name":"Aurora Acura","state":"CO","telephone":"303-955-0134","website":"www.aurora_acura.com","zip":"80203"},"engine":"3.5 V6","image1":"inventory3.jpg","image2":"cars/interior3.jpg","makeid":1,"milage":54650,"model":{"class":"com.ca.lisa.demo.CarModel","id":2,"fuelType":"Gas","make":{"class":"com.ca.lisa.demo.CarMake","id":1,"name":"Acura"},"modelYear":2013,"name":"RLX-AWD","subName":"AWD","type":{"class":"com.ca.lisa.demo.CarType","id":7,"name":"Sedan"}},"modelYear":2012,"modelid":2,"options":"Leather, Navigation, Backup Camera","owners":2,"price":30995.0,"stockNumber":"BN12560","transmission":"Auto","vin":"3N1CB51D35l458771"},{"class":"com.ca.lisa.demo.CarInventory","id":4,"carTrim":"Sport","color":"Silver","dealer":{"class":"com.ca.lisa.demo.CarDealer","id":4,"address":"1673 Blake Rd","city":"Aurora","name":"Aurora Acura","state":"CO","telephone":"303-955-0134","website":"www.aurora_acura.com","zip":"80203"},"engine":"3.5 V6","image1":"inventory4.jpg","image2":"cars/interior4.jpg","makeid":1,"milage":78400,"model":{"class":"com.ca.lisa.demo.CarModel","id":2,"fuelType":"Gas","make":{"class":"com.ca.lisa.demo.CarMake","id":1,"name":"Acura"},"modelYear":2013,"name":"RLX-AWD","subName":"AWD","type":{"class":"com.ca.lisa.demo.CarType","id":7,"name":"Sedan"}},"modelYear":2010,"modelid":2,"options":"Ski Rack, Tow kit","owners":4,"price":21405.0,"stockNumber":"BN13456","transmission":"Auto","vin":"2T1KR32E37C639012"},{"class":"com.ca.lisa.demo.CarInventory","id":5,"carTrim":"Sport","color":"Red","dealer":{"class":"com.ca.lisa.demo.CarDealer","id":4,"address":"1673 Blake Rd","city":"Aurora","name":"Aurora Acura","state":"CO","telephone":"303-955-0134","website":"www.aurora_acura.com","zip":"80203"},"engine":"1.8T","image1":"inventory5.jpg","image2":"cars/interior5.jpg","makeid":2,"milage":98145,"model":{"class":"com.ca.lisa.demo.CarModel","id":11,"fuelType":"Gas","make":{"class":"com.ca.lisa.demo.CarMake","id":2,"name":"Audi"},"modelYear":1996,"name":"S4-S","subName":"Sport","type":{"class":"com.ca.lisa.demo.CarType","id":7,"name":"Sedan"}},"modelYear":2008,"modelid":11,"options":"Leather, Dual Air, 6 Speed","owners":4,"price":7800.0,"stockNumber":"BN13467","transmission":"Manual","vin":"3N1CB51D35l458773"},{"class":"com.ca.lisa.demo.CarInventory","id":6,"carTrim":"xDrivePlus","color":"Black","dealer":{"class":"com.ca.lisa.demo.CarDealer","id":5,"address":"126 Rte 76","city":"Fort Collins","name":"Hilton Honda","state":"CO","telephone":"303-123-6789","website":"www.hiltonhonda.com","zip":"80503"},"engine":"3.5L","image1":"inventory6.jpg","image2":"cars/interior6.jpg","makeid":3,"milage":75350,"model":{"class":"com.ca.lisa.demo.CarModel","id":27,"fuelType":"Gas","make":{"class":"com.ca.lisa.demo.CarMake","id":3,"name":"BMW"},"modelYear":1990,"name":"7-Series-P","subName":"Premium","type":{"class":"com.ca.lisa.demo.CarType","id":7,"name":"Sedan"}},"modelYear":2010,"modelid":27,"options":"Leather, Navigation, Rear Air","owners":1,"price":34500.0,"stockNumber":"N2367J6","transmission":"Auto","vin":"3N1CB51D35l458774"},{"class":"com.ca.lisa.demo.CarInventory","id":7,"carTrim":"Base","color":"Blue","dealer":{"class":"com.ca.lisa.demo.CarDealer","id":6,"address":"570 Lane St","city":"Englewood","name":"Terrys VW","state":"CO","telephone":"303- 560-3412","website":"www.terry_vag.com","zip":"80205"},"engine":"2.0T","image1":"inventory7.jpg","image2":"cars/interior7.jpg","makeid":2,"milage":104300,"model":{"class":"com.ca.lisa.demo.CarModel","id":10,"fuelType":"Gas","make":{"class":"com.ca.lisa.demo.CarMake","id":2,"name":"Audi"},"modelYear":1996,"name":"A4-B","subName":"Base","type":{"class":"com.ca.lisa.demo.CarType","id":7,"name":"Sedan"}},"modelYear":2008,"modelid":10,"options":"Premium Audio Upgrade","owners":1,"price":10750.0,"stockNumber":"ASN29001","transmission":"Auto","vin":"2T1KR32E37C639015"},{"class":"com.ca.lisa.demo.CarInventory","id":8,"carTrim":"Premium","color":"Silver","dealer":{"class":"com.ca.lisa.demo.CarDealer","id":6,"address":"570 Lane St","city":"Englewood","name":"Terrys VW","state":"CO","telephone":"303- 560-3412","website":"www.terry_vag.com","zip":"80205"},"engine":"2.0T","image1":"inventory8.jpg","image2":"cars/interior8.jpg","makeid":2,"milage":62000,"model":{"class":"com.ca.lisa.demo.CarModel","id":10,"fuelType":"Gas","make":{"class":"com.ca.lisa.demo.CarMake","id":2,"name":"Audi"},"modelYear":1996,"name":"A4-B","subName":"Base","type":{"class":"com.ca.lisa.demo.CarType","id":7,"name":"Sedan"}},"modelYear":2012,"modelid":10,"options":"Leather, Navigation, Bluetooth","owners":3,"price":20400.0,"stockNumber":"ASN34501","transmission":"Auto","vin":"1ZVBP8AM1D5256906"},{"class":"com.ca.lisa.demo.CarInventory","id":9,"carTrim":"Base","color":"Silver","dealer":{"class":"com.ca.lisa.demo.CarDealer","id":6,"address":"570 Lane St","city":"Englewood","name":"Terrys VW","state":"CO","telephone":"303- 560-3412","website":"www.terry_vag.com","zip":"80205"},"engine":"3.0L","image1":"inventory9.jpg","image2":"cars/interior9.jpg","makeid":3,"milage":58900,"model":{"class":"com.ca.lisa.demo.CarModel","id":27,"fuelType":"Gas","make":{"class":"com.ca.lisa.demo.CarMake","id":3,"name":"BMW"},"modelYear":1990,"name":"7-Series-P","subName":"Premium","type":{"class":"com.ca.lisa.demo.CarType","id":7,"name":"Sedan"}},"modelYear":2009,"modelid":27,"options":"Leather, Navigation, Rear Air","owners":2,"price":32295.0,"stockNumber":"ASN90845","transmission":"Auto","vin":"1ZVBP8AM1D5256907"},{"class":"com.ca.lisa.demo.CarInventory","id":10,"carTrim":"Technology Plus","color":"Black","dealer":{"class":"com.ca.lisa.demo.CarDealer","id":5,"address":"126 Rte 76","city":"Fort Collins","name":"Hilton Honda","state":"CO","telephone":"303-123-6789","website":"www.hiltonhonda.com","zip":"80503"},"engine":"3.5 V6","image1":"inventory10.jpg","image2":"cars/interior10.jpg","makeid":1,"milage":54650,"model":{"class":"com.ca.lisa.demo.CarModel","id":1,"fuelType":"Gas","make":{"class":"com.ca.lisa.demo.CarMake","id":1,"name":"Acura"},"modelYear":2013,"name":"RLX-B","subName":"Base","type":{"class":"com.ca.lisa.demo.CarType","id":7,"name":"Sedan"}},"modelYear":2012,"modelid":1,"options":"Leather, Navigation, Backup Camera","owners":2,"price":30995.0,"stockNumber":"245980A","transmission":"Auto","vin":"3N1CB51D35l458778"},{"class":"com.ca.lisa.demo.CarInventory","id":11,"carTrim":"Technology Plus","color":"Green","dealer":{"class":"com.ca.lisa.demo.CarDealer","id":5,"address":"126 Rte 76","city":"Fort Collins","name":"Hilton Honda","state":"CO","telephone":"303-123-6789","website":"www.hiltonhonda.com","zip":"80503"},"engine":"3.5 V8","image1":"inventory11.jpg","image2":"cars/interior11.jpg","makeid":1,"milage":74850,"model":{"class":"com.ca.lisa.demo.CarModel","id":1,"fuelType":"Gas","make":{"class":"com.ca.lisa.demo.CarMake","id":1,"name":"Acura"},"modelYear":2013,"name":"RLX-B","subName":"Base","type":{"class":"com.ca.lisa.demo.CarType","id":7,"name":"Sedan"}},"modelYear":2011,"modelid":1,"options":"Leather, Navigation","owners":1,"price":20995.0,"stockNumber":"245180A","transmission":"Auto","vin":"3N1CB41D32l458778"},{"class":"com.ca.lisa.demo.CarInventory","id":12,"carTrim":"Luxury","color":"Black","dealer":{"class":"com.ca.lisa.demo.CarDealer","id":5,"address":"126 Rte 76","city":"Fort Collins","name":"Hilton Honda","state":"CO","telephone":"303-123-6789","website":"www.hiltonhonda.com","zip":"80503"},"engine":"3.0 V6","image1":"inventory22.jpg","image2":"cars/interior21.jpg","makeid":2,"milage":24650,"model":{"class":"com.ca.lisa.demo.CarModel","id":12,"fuelType":"Gas","make":{"class":"com.ca.lisa.demo.CarMake","id":2,"name":"Audi"},"modelYear":1996,"name":"A4-C","subName":"Convertible","type":{"class":"com.ca.lisa.demo.CarType","id":1,"name":"Convertible"}},"modelYear":2012,"modelid":12,"options":"Leather","owners":2,"price":11995.0,"stockNumber":"246987A","transmission":"Auto","vin":"3H1CB51D35l453773"},{"class":"com.ca.lisa.demo.CarInventory","id":13,"carTrim":"Base","color":"Black","dealer":{"class":"com.ca.lisa.demo.CarDealer","id":6,"address":"570 Lane St","city":"Englewood","name":"Terrys VW","state":"CO","telephone":"303- 560-3412","website":"www.terry_vag.com","zip":"80205"},"engine":"3.0L","image1":"inventory23.jpg","image2":"cars/interior23.jpg","makeid":3,"milage":58900,"model":{"class":"com.ca.lisa.demo.CarModel","id":23,"fuelType":"Gas","make":{"class":"com.ca.lisa.demo.CarMake","id":3,"name":"BMW"},"modelYear":1990,"name":"3-Series-S","subName":"Sedan","type":{"class":"com.ca.lisa.demo.CarType","id":7,"name":"Sedan"}},"modelYear":2011,"modelid":23,"options":"Leather, Navigation","owners":2,"price":12295.0,"stockNumber":"ASN90856","transmission":"Auto","vin":"1XCBP8AM1D5256909"},{"class":"com.ca.lisa.demo.CarInventory","id":14,"carTrim":"Base","color":"Black","dealer":{"class":"com.ca.lisa.demo.CarDealer","id":6,"address":"570 Lane St","city":"Englewood","name":"Terrys VW","state":"CO","telephone":"303- 560-3412","website":"www.terry_vag.com","zip":"80205"},"engine":"3.5L","image1":"inventory24.jpg","image2":"cars/interior24.jpg","makeid":3,"milage":68900,"model":{"class":"com.ca.lisa.demo.CarModel","id":26,"fuelType":"Gas","make":{"class":"com.ca.lisa.demo.CarMake","id":3,"name":"BMW"},"modelYear":1990,"name":"5-Series-S","subName":"Sedan","type":{"class":"com.ca.lisa.demo.CarType","id":7,"name":"Sedan"}},"modelYear":2009,"modelid":26,"options":"Leather, Navigation","owners":1,"price":35295.0,"stockNumber":"ASN70851","transmission":"Auto","vin":"7XCBP8AM1D5256910"},{"class":"com.ca.lisa.demo.CarInventory","id":15,"carTrim":"123","color":"Black","dealer":{"class":"com.ca.lisa.demo.CarDealer","id":4,"address":"1673 Blake Rd","city":"Aurora","name":"Aurora Acura","state":"CO","telephone":"303-955-0134","website":"www.aurora_acura.com","zip":"80203"},"engine":"12345","image1":"image12","image2":"image13","makeid":0,"milage":25000,"model":{"class":"com.ca.lisa.demo.CarModel","id":5,"fuelType":"Gas","make":{"class":"com.ca.lisa.demo.CarMake","id":1,"name":"Acura"},"modelYear":1996,"name":"TL-AWD","subName":"SH-AWD","type":{"class":"com.ca.lisa.demo.CarType","id":7,"name":"Sedan"}},"modelYear":2022,"modelid":0,"options":"no","owners":1,"price":35000.0,"stockNumber":"5","transmission":"automatic","vin":"2233445566"},{"class":"com.ca.lisa.demo.CarInventory","id":16,"carTrim":"456","color":"Red","dealer":{"class":"com.ca.lisa.demo.CarDealer","id":4,"address":"1673 Blake Rd","city":"Aurora","name":"Aurora Acura","state":"CO","telephone":"303-955-0134","website":"www.aurora_acura.com","zip":"80203"},"engine":"67890","image1":"image14","image2":"image15","makeid":0,"milage":36000,"model":{"class":"com.ca.lisa.demo.CarModel","id":5,"fuelType":"Gas","make":{"class":"com.ca.lisa.demo.CarMake","id":1,"name":"Acura"},"modelYear":1996,"name":"TL-AWD","subName":"SH-AWD","type":{"class":"com.ca.lisa.demo.CarType","id":7,"name":"Sedan"}},"modelYear":2023,"modelid":0,"options":"yes","owners":2,"price":57000.0,"stockNumber":"2","transmission":"manual","vin":"7788990011"}]
2023-12-20 14:53:31,724 [18] INFO  - Checkpoint 5: "[{"class":"com.ca.lisa.demo.CarInventory","id":1,"carTrim":"Premium Plus","color":"Silver","dealer":{"class":"com.ca.lisa.demo.CarDealer","id":2,"address":"3800 Motor City Dr","city":"Denver","name":"Mountain Motors Inc","state":"CO","telephone":"303-222-8766","website":"www.mmdenver.com","zip":"80202"},"engine":"2.7 V6","image1":"inventory1.jpg","image2":"cars/interior1.jpg","makeid":2,"milage":138560,"model":{"class":"com.ca.lisa.demo.CarModel","id":10,"fuelType":"Gas","make":{"class":"com.ca.lisa.demo.CarMake","id":2,"name":"Audi"},"modelYear":1996,"name":"A4-B","subName":"Base","type":{"class":"com.ca.lisa.demo.CarType","id":7,"name":"Sedan"}},"modelYear":2011,"modelid":10,"options":"Leather, Navigation, Rear Air","owners":6,"price":3995.0,"stockNumber":"NAD8989","transmission":"Auto","vin":"2T1KR32E37C639014"},{"class":"com.ca.lisa.demo.CarInventory","id":2,"carTrim":"Technology","color":"Black","dealer":{"class":"com.ca.lisa.demo.CarDealer","id":2,"address":"3800 Motor City Dr","city":"Denver","name":"Mountain Motors Inc","state":"CO","telephone":"303-222-8766","website":"www.mmdenver.com","zip":"80202"},"engine":"3.2 V6","image1":"inventory2.jpg","image2":"cars/interior2.jpg","makeid":1,"milage":30650,"model":{"class":"com.ca.lisa.demo.CarModel","id":2,"fuelType":"Gas","make":{"class":"com.ca.lisa.demo.CarMake","id":1,"name":"Acura"},"modelYear":2013,"name":"RLX-AWD","subName":"AWD","type":{"class":"com.ca.lisa.demo.CarType","id":7,"name":"Sedan"}},"modelYear":2013,"modelid":2,"options":"Leather, Navigation, Ski/BikeRack","owners":2,"price":30995.0,"stockNumber":"RA2356/1","transmission":"Auto","vin":"1ZVBP8AM1D5256900"},{"class":"com.ca.lisa.demo.CarInventory","id":3,"carTrim":"Premium","color":"Black","dealer":{"class":"com.ca.lisa.demo.CarDealer","id":4,"address":"1673 Blake Rd","city":"Aurora","name":"Aurora Acura","state":"CO","telephone":"303-955-0134","website":"www.aurora_acura.com","zip":"80203"},"engine":"3.5 V6","image1":"inventory3.jpg","image2":"cars/interior3.jpg","makeid":1,"milage":54650,"model":{"class":"com.ca.lisa.demo.CarModel","id":2,"fuelType":"Gas","make":{"class":"com.ca.lisa.demo.CarMake","id":1,"name":"Acura"},"modelYear":2013,"name":"RLX-AWD","subName":"AWD","type":{"class":"com.ca.lisa.demo.CarType","id":7,"name":"Sedan"}},"modelYear":2012,"modelid":2,"options":"Leather, Navigation, Backup Camera","owners":2,"price":30995.0,"stockNumber":"BN12560","transmission":"Auto","vin":"3N1CB51D35l458771"},{"class":"com.ca.lisa.demo.CarInventory","id":4,"carTrim":"Sport","color":"Silver","dealer":{"class":"com.ca.lisa.demo.CarDealer","id":4,"address":"1673 Blake Rd","city":"Aurora","name":"Aurora Acura","state":"CO","telephone":"303-955-0134","website":"www.aurora_acura.com","zip":"80203"},"engine":"3.5 V6","image1":"inventory4.jpg","image2":"cars/interior4.jpg","makeid":1,"milage":78400,"model":{"class":"com.ca.lisa.demo.CarModel","id":2,"fuelType":"Gas","make":{"class":"com.ca.lisa.demo.CarMake","id":1,"name":"Acura"},"modelYear":2013,"name":"RLX-AWD","subName":"AWD","type":{"class":"com.ca.lisa.demo.CarType","id":7,"name":"Sedan"}},"modelYear":2010,"modelid":2,"options":"Ski Rack, Tow kit","owners":4,"price":21405.0,"stockNumber":"BN13456","transmission":"Auto","vin":"2T1KR32E37C639012"},{"class":"com.ca.lisa.demo.CarInventory","id":5,"carTrim":"Sport","color":"Red","dealer":{"class":"com.ca.lisa.demo.CarDealer","id":4,"address":"1673 Blake Rd","city":"Aurora","name":"Aurora Acura","state":"CO","telephone":"303-955-0134","website":"www.aurora_acura.com","zip":"80203"},"engine":"1.8T","image1":"inventory5.jpg","image2":"cars/interior5.jpg","makeid":2,"milage":98145,"model":{"class":"com.ca.lisa.demo.CarModel","id":11,"fuelType":"Gas","make":{"class":"com.ca.lisa.demo.CarMake","id":2,"name":"Audi"},"modelYear":1996,"name":"S4-S","subName":"Sport","type":{"class":"com.ca.lisa.demo.CarType","id":7,"name":"Sedan"}},"modelYear":2008,"modelid":11,"options":"Leather, Dual Air, 6 Speed","owners":4,"price":7800.0,"stockNumber":"BN13467","transmission":"Manual","vin":"3N1CB51D35l458773"},{"class":"com.ca.lisa.demo.CarInventory","id":6,"carTrim":"xDrivePlus","color":"Black","dealer":{"class":"com.ca.lisa.demo.CarDealer","id":5,"address":"126 Rte 76","city":"Fort Collins","name":"Hilton Honda","state":"CO","telephone":"303-123-6789","website":"www.hiltonhonda.com","zip":"80503"},"engine":"3.5L","image1":"inventory6.jpg","image2":"cars/interior6.jpg","makeid":3,"milage":75350,"model":{"class":"com.ca.lisa.demo.CarModel","id":27,"fuelType":"Gas","make":{"class":"com.ca.lisa.demo.CarMake","id":3,"name":"BMW"},"modelYear":1990,"name":"7-Series-P","subName":"Premium","type":{"class":"com.ca.lisa.demo.CarType","id":7,"name":"Sedan"}},"modelYear":2010,"modelid":27,"options":"Leather, Navigation, Rear Air","owners":1,"price":34500.0,"stockNumber":"N2367J6","transmission":"Auto","vin":"3N1CB51D35l458774"},{"class":"com.ca.lisa.demo.CarInventory","id":7,"carTrim":"Base","color":"Blue","dealer":{"class":"com.ca.lisa.demo.CarDealer","id":6,"address":"570 Lane St","city":"Englewood","name":"Terrys VW","state":"CO","telephone":"303- 560-3412","website":"www.terry_vag.com","zip":"80205"},"engine":"2.0T","image1":"inventory7.jpg","image2":"cars/interior7.jpg","makeid":2,"milage":104300,"model":{"class":"com.ca.lisa.demo.CarModel","id":10,"fuelType":"Gas","make":{"class":"com.ca.lisa.demo.CarMake","id":2,"name":"Audi"},"modelYear":1996,"name":"A4-B","subName":"Base","type":{"class":"com.ca.lisa.demo.CarType","id":7,"name":"Sedan"}},"modelYear":2008,"modelid":10,"options":"Premium Audio Upgrade","owners":1,"price":10750.0,"stockNumber":"ASN29001","transmission":"Auto","vin":"2T1KR32E37C639015"},{"class":"com.ca.lisa.demo.CarInventory","id":8,"carTrim":"Premium","color":"Silver","dealer":{"class":"com.ca.lisa.demo.CarDealer","id":6,"address":"570 Lane St","city":"Englewood","name":"Terrys VW","state":"CO","telephone":"303- 560-3412","website":"www.terry_vag.com","zip":"80205"},"engine":"2.0T","image1":"inventory8.jpg","image2":"cars/interior8.jpg","makeid":2,"milage":62000,"model":{"class":"com.ca.lisa.demo.CarModel","id":10,"fuelType":"Gas","make":{"class":"com.ca.lisa.demo.CarMake","id":2,"name":"Audi"},"modelYear":1996,"name":"A4-B","subName":"Base","type":{"class":"com.ca.lisa.demo.CarType","id":7,"name":"Sedan"}},"modelYear":2012,"modelid":10,"options":"Leather, Navigation, Bluetooth","owners":3,"price":20400.0,"stockNumber":"ASN34501","transmission":"Auto","vin":"1ZVBP8AM1D5256906"},{"class":"com.ca.lisa.demo.CarInventory","id":9,"carTrim":"Base","color":"Silver","dealer":{"class":"com.ca.lisa.demo.CarDealer","id":6,"address":"570 Lane St","city":"Englewood","name":"Terrys VW","state":"CO","telephone":"303- 560-3412","website":"www.terry_vag.com","zip":"80205"},"engine":"3.0L","image1":"inventory9.jpg","image2":"cars/interior9.jpg","makeid":3,"milage":58900,"model":{"class":"com.ca.lisa.demo.CarModel","id":27,"fuelType":"Gas","make":{"class":"com.ca.lisa.demo.CarMake","id":3,"name":"BMW"},"modelYear":1990,"name":"7-Series-P","subName":"Premium","type":{"class":"com.ca.lisa.demo.CarType","id":7,"name":"Sedan"}},"modelYear":2009,"modelid":27,"options":"Leather, Navigation, Rear Air","owners":2,"price":32295.0,"stockNumber":"ASN90845","transmission":"Auto","vin":"1ZVBP8AM1D5256907"},{"class":"com.ca.lisa.demo.CarInventory","id":10,"carTrim":"Technology Plus","color":"Black","dealer":{"class":"com.ca.lisa.demo.CarDealer","id":5,"address":"126 Rte 76","city":"Fort Collins","name":"Hilton Honda","state":"CO","telephone":"303-123-6789","website":"www.hiltonhonda.com","zip":"80503"},"engine":"3.5 V6","image1":"inventory10.jpg","image2":"cars/interior10.jpg","makeid":1,"milage":54650,"model":{"class":"com.ca.lisa.demo.CarModel","id":1,"fuelType":"Gas","make":{"class":"com.ca.lisa.demo.CarMake","id":1,"name":"Acura"},"modelYear":2013,"name":"RLX-B","subName":"Base","type":{"class":"com.ca.lisa.demo.CarType","id":7,"name":"Sedan"}},"modelYear":2012,"modelid":1,"options":"Leather, Navigation, Backup Camera","owners":2,"price":30995.0,"stockNumber":"245980A","transmission":"Auto","vin":"3N1CB51D35l458778"},{"class":"com.ca.lisa.demo.CarInventory","id":11,"carTrim":"Technology Plus","color":"Green","dealer":{"class":"com.ca.lisa.demo.CarDealer","id":5,"address":"126 Rte 76","city":"Fort Collins","name":"Hilton Honda","state":"CO","telephone":"303-123-6789","website":"www.hiltonhonda.com","zip":"80503"},"engine":"3.5 V8","image1":"inventory11.jpg","image2":"cars/interior11.jpg","makeid":1,"milage":74850,"model":{"class":"com.ca.lisa.demo.CarModel","id":1,"fuelType":"Gas","make":{"class":"com.ca.lisa.demo.CarMake","id":1,"name":"Acura"},"modelYear":2013,"name":"RLX-B","subName":"Base","type":{"class":"com.ca.lisa.demo.CarType","id":7,"name":"Sedan"}},"modelYear":2011,"modelid":1,"options":"Leather, Navigation","owners":1,"price":20995.0,"stockNumber":"245180A","transmission":"Auto","vin":"3N1CB41D32l458778"},{"class":"com.ca.lisa.demo.CarInventory","id":12,"carTrim":"Luxury","color":"Black","dealer":{"class":"com.ca.lisa.demo.CarDealer","id":5,"address":"126 Rte 76","city":"Fort Collins","name":"Hilton Honda","state":"CO","telephone":"303-123-6789","website":"www.hiltonhonda.com","zip":"80503"},"engine":"3.0 V6","image1":"inventory22.jpg","image2":"cars/interior21.jpg","makeid":2,"milage":24650,"model":{"class":"com.ca.lisa.demo.CarModel","id":12,"fuelType":"Gas","make":{"class":"com.ca.lisa.demo.CarMake","id":2,"name":"Audi"},"modelYear":1996,"name":"A4-C","subName":"Convertible","type":{"class":"com.ca.lisa.demo.CarType","id":1,"name":"Convertible"}},"modelYear":2012,"modelid":12,"options":"Leather","owners":2,"price":11995.0,"stockNumber":"246987A","transmission":"Auto","vin":"3H1CB51D35l453773"},{"class":"com.ca.lisa.demo.CarInventory","id":13,"carTrim":"Base","color":"Black","dealer":{"class":"com.ca.lisa.demo.CarDealer","id":6,"address":"570 Lane St","city":"Englewood","name":"Terrys VW","state":"CO","telephone":"303- 560-3412","website":"www.terry_vag.com","zip":"80205"},"engine":"3.0L","image1":"inventory23.jpg","image2":"cars/interior23.jpg","makeid":3,"milage":58900,"model":{"class":"com.ca.lisa.demo.CarModel","id":23,"fuelType":"Gas","make":{"class":"com.ca.lisa.demo.CarMake","id":3,"name":"BMW"},"modelYear":1990,"name":"3-Series-S","subName":"Sedan","type":{"class":"com.ca.lisa.demo.CarType","id":7,"name":"Sedan"}},"modelYear":2011,"modelid":23,"options":"Leather, Navigation","owners":2,"price":12295.0,"stockNumber":"ASN90856","transmission":"Auto","vin":"1XCBP8AM1D5256909"},{"class":"com.ca.lisa.demo.CarInventory","id":14,"carTrim":"Base","color":"Black","dealer":{"class":"com.ca.lisa.demo.CarDealer","id":6,"address":"570 Lane St","city":"Englewood","name":"Terrys VW","state":"CO","telephone":"303- 560-3412","website":"www.terry_vag.com","zip":"80205"},"engine":"3.5L","image1":"inventory24.jpg","image2":"cars/interior24.jpg","makeid":3,"milage":68900,"model":{"class":"com.ca.lisa.demo.CarModel","id":26,"fuelType":"Gas","make":{"class":"com.ca.lisa.demo.CarMake","id":3,"name":"BMW"},"modelYear":1990,"name":"5-Series-S","subName":"Sedan","type":{"class":"com.ca.lisa.demo.CarType","id":7,"name":"Sedan"}},"modelYear":2009,"modelid":26,"options":"Leather, Navigation","owners":1,"price":35295.0,"stockNumber":"ASN70851","transmission":"Auto","vin":"7XCBP8AM1D5256910"},{"class":"com.ca.lisa.demo.CarInventory","id":15,"carTrim":"123","color":"Black","dealer":{"class":"com.ca.lisa.demo.CarDealer","id":4,"address":"1673 Blake Rd","city":"Aurora","name":"Aurora Acura","state":"CO","telephone":"303-955-0134","website":"www.aurora_acura.com","zip":"80203"},"engine":"12345","image1":"image12","image2":"image13","makeid":0,"milage":25000,"model":{"class":"com.ca.lisa.demo.CarModel","id":5,"fuelType":"Gas","make":{"class":"com.ca.lisa.demo.CarMake","id":1,"name":"Acura"},"modelYear":1996,"name":"TL-AWD","subName":"SH-AWD","type":{"class":"com.ca.lisa.demo.CarType","id":7,"name":"Sedan"}},"modelYear":2022,"modelid":0,"options":"no","owners":1,"price":35000.0,"stockNumber":"5","transmission":"automatic","vin":"2233445566"},{"class":"com.ca.lisa.demo.CarInventory","id":16,"carTrim":"456","color":"Red","dealer":{"class":"com.ca.lisa.demo.CarDealer","id":4,"address":"1673 Blake Rd","city":"Aurora","name":"Aurora Acura","state":"CO","telephone":"303-955-0134","website":"www.aurora_acura.com","zip":"80203"},"engine":"67890","image1":"image14","image2":"image15","makeid":0,"milage":36000,"model":{"class":"com.ca.lisa.demo.CarModel","id":5,"fuelType":"Gas","make":{"class":"com.ca.lisa.demo.CarMake","id":1,"name":"Acura"},"modelYear":1996,"name":"TL-AWD","subName":"SH-AWD","type":{"class":"com.ca.lisa.demo.CarType","id":7,"name":"Sedan"}},"modelYear":2023,"modelid":0,"options":"yes","owners":2,"price":57000.0,"stockNumber":"2","transmission":"manual","vin":"7788990011"}]" Contains "7788990011" passed
2023-12-20 14:53:31,731 [18] INFO  - Step 'HTTP Request5' ended successfully
2023-12-20 14:53:31,735 [18] INFO  - Step 'Iteration 2' ended successfully
2023-12-20 14:53:31,740 [18] INFO  - Step 'Test Flow' ended successfully
2023-12-20 14:53:36,257 [18] INFO  - Step 'End' : Step 'End' started
2023-12-20 14:53:37,007 [18] INFO  - Step 'End' ended successfully
