2023-12-20 15:07:11,362 [1] INFO  - Loaded appender: FileAppenderExternal
2023-12-20 15:07:11,392 [1] INFO  - Loaded appender: UserLoggerAppender
2023-12-20 15:07:11,393 [1] INFO  - Loaded appender: FileAppenderInternal
2023-12-20 15:07:11,394 [1] INFO  - Loaded appender: FileAppenderExternal
2023-12-20 15:07:11,394 [1] INFO  - Loaded appender: UserLoggerAppender
2023-12-20 15:07:11,395 [1] INFO  - Loaded appender: FileAppenderInternal
2023-12-20 15:07:11,794 [18] INFO  - Step 'Start' : Step 'Start' started
2023-12-20 15:07:11,857 [18] INFO  - Step 'Start' ended successfully
2023-12-20 15:07:11,858 [18] INFO  - Step 'Test Flow' : Step 'Test Flow' started
2023-12-20 15:07:12,336 [18] INFO  - Step 'Iteration 1' : Step 'Iteration 1' started
2023-12-20 15:07:12,339 [18] INFO  - Step 'HTTP Request4' : Step 'HTTP Request4' started
2023-12-20 15:07:12,367 [18] INFO  - Step 'HTTP Request4' : Fetching HTTP Url: 'http://localhost:3434/cars-app/api/login'
2023-12-20 15:07:12,600 [18] INFO  - Step 'HTTP Request4' : Server returned status code: 200
2023-12-20 15:07:12,602 [18] INFO  - Step 'HTTP Request4' : HTTP Raw request:
2023-12-20 15:07:12,604 [18] INFO  - Step 'HTTP Request4' : POST http://localhost:3434/cars-app/api/login 1.1
Content-Type: application/json
Host: localhost:3434
Content-Length: 52
Connection: Keep-Alive
{
  "username": "luAlves",
  "password": "1234"
}

2023-12-20 15:07:12,605 [18] INFO  - Step 'HTTP Request4' : HTTP Raw response:
2023-12-20 15:07:12,606 [18] INFO  - Step 'HTTP Request4' : HTTP/1.1 200 OK
Pragma: no-cache
Content-Length: 1162
Cache-Control: no-store
Content-Type: application/json;charset=UTF-8
Date: Wed, 20 Dec 2023 18:07:12 GMT
Server: Apache-Coyote/1.1
{"firstname":"Luciana","lastname":"Alves","username":"luAlves","token_type":"Bearer","access_token":"eyJhbGciOiJIUzI1NiJ9.eyJwcmluY2lwYWwiOiJINHNJQUFBQUFBQUFBSlZTUDA4VVFSUlwvZXg2Y2hFU0JSQklMYklUTzdDVlFYZ1hrSkNFYk1KelhZQUtaMjMwc0E3TXp5XC93NTdocHlsUllVRUpYRXhLXC9BTjhIR0QyQzBzS1cyNWMxeXNLY05jYXJkTjdcLzlcL1h0N2VRMWpSc05TcWhrWEpzeUZTN2tNVGE2NVRBM0dUblBiRDUxQm5hQXRFR3NGc0UwVHVEMUJCWUlJS2p5eE1CTWRzQzZyQ3liVCttYm5BR1BiNkdsWVZEb2RNdTVwbHVHeDBvZmhQWGVzTlA0bFVGSUg1eFdvYmNNMGkyUGxwTjFRc3RuTHVjWmtHNmJLV2FUaVF6OTZGdE1OU3N1Wk1LUFFHa3JXRVpoRU1NbWMzVmVreXRGWWVIcHIxbGt1NmkyMGpRZ2U1OHdZY3ZkUGtwYjExdjI5dHlrcHdSR2NRTFdYQjNTb3V3VVBEVDFQdUtxRW9OUmNTVFBmbHBsSytCNzM0c1FcL21QdjRcL2V6cm9GMEJvRTVlUGZ4Tk9YKytBb09yblQ4dmlxS0QyTUxzaVBVUzF1amw1R2E2Wkg2cjBTdlwvK1BMbTA4WDFoM2VQU05ralh2XC9cL1B1YVhoODMxVjFXV004MnNHdGtSMFI1WFwvVE9Scnp4TWZyZUZmdGppV1M2UVwvaWhwTWJtWEtJa3BibFVyY2RlM2hZbXR6YWk1MjI0MXRcL3hiVGJobDBVVkRzaytLMUg1ZFlhUm9XYWVcL3o3K2R2ZnhKRk9zdzFtWENJWlUrVllJMlhOWkJcL2Y3eVltN3k4NlwvVElzTHdkeDZcL0FYSUpqWUVTQXdBQSIsInN1YiI6Imx1QWx2ZXMiLCJyb2xlcyI6WyJST0xFX1VTRVIiXSwiZXhwIjoxNzAzMDk5MjMyLCJpYXQiOjE3MDMwOTU2MzJ9.EMQaPE9ATPu5zS4sf4-xxZbqiN6xgd-9IU9CODxBDlM","roles":["ROLE_USER"]}
2023-12-20 15:07:12,615 [18] INFO  - Checkpoint 0: "200" = "200" passed
2023-12-20 15:07:12,617 [18] INFO  - Checkpoint 1: "Luciana" = "Luciana" passed
2023-12-20 15:07:12,620 [18] INFO  - Checkpoint 2: "Alves" = "Alves" passed
2023-12-20 15:07:12,632 [18] INFO  - Checkpoint 3: "luAlves" = "luAlves" passed
2023-12-20 15:07:12,633 [18] INFO  - Checkpoint 4: "ROLE_USER" = "ROLE_USER" passed
2023-12-20 15:07:12,640 [18] INFO  - Step 'HTTP Request4' ended successfully
2023-12-20 15:07:12,641 [18] INFO  - Step 'Set OS Environment Variable5' : Step 'Set OS Environment Variable5' started
2023-12-20 15:07:12,646 [18] INFO  - Step 'Set OS Environment Variable5' : Input Parameter 'Variable name', Value: 'Token'
2023-12-20 15:07:12,649 [18] INFO  - Step 'Set OS Environment Variable5' : Input Parameter 'Variable value', Value: 'eyJhbGciOiJIUzI1NiJ9.eyJwcmluY2lwYWwiOiJINHNJQUFBQUFBQUFBSlZTUDA4VVFSUlwvZXg2Y2hFU0JSQklMYklUTzdDVlFYZ1hrSkNFYk1KelhZQUtaMjMwc0E3TXp5XC93NTdocHlsUllVRUpYRXhLXC9BTjhIR0QyQzBzS1cyNWMxeXNLY05jYXJkTjdcLzlcL1h0N2VRMWpSc05TcWhrWEpzeUZTN2tNVGE2NVRBM0dUblBiRDUxQm5hQXRFR3NGc0UwVHVEMUJCWUlJS2p5eE1CTWRzQzZyQ3liVCttYm5BR1BiNkdsWVZEb2RNdTVwbHVHeDBvZmhQWGVzTlA0bFVGSUg1eFdvYmNNMGkyUGxwTjFRc3RuTHVjWmtHNmJLV2FUaVF6OTZGdE1OU3N1Wk1LUFFHa3JXRVpoRU1NbWMzVmVreXRGWWVIcHIxbGt1NmkyMGpRZ2U1OHdZY3ZkUGtwYjExdjI5dHlrcHdSR2NRTFdYQjNTb3V3VVBEVDFQdUtxRW9OUmNTVFBmbHBsSytCNzM0c1FcL21QdjRcL2V6cm9GMEJvRTVlUGZ4Tk9YKytBb09yblQ4dmlxS0QyTUxzaVBVUzF1amw1R2E2Wkg2cjBTdlwvK1BMbTA4WDFoM2VQU05ralh2XC9cL1B1YVhoODMxVjFXV004MnNHdGtSMFI1WFwvVE9Scnp4TWZyZUZmdGppV1M2UVwvaWhwTWJtWEtJa3BibFVyY2RlM2hZbXR6YWk1MjI0MXRcL3hiVGJobDBVVkRzaytLMUg1ZFlhUm9XYWVcL3o3K2R2ZnhKRk9zdzFtWENJWlUrVllJMlhOWkJcL2Y3eVltN3k4NlwvVElzTHdkeDZcL0FYSUpqWUVTQXdBQSIsInN1YiI6Imx1QWx2ZXMiLCJyb2xlcyI6WyJST0xFX1VTRVIiXSwiZXhwIjoxNzAzMDk5MjMyLCJpYXQiOjE3MDMwOTU2MzJ9.EMQaPE9ATPu5zS4sf4-xxZbqiN6xgd-9IU9CODxBDlM'
2023-12-20 15:07:12,651 [18] INFO  - Step 'Set OS Environment Variable5' ended successfully
2023-12-20 15:07:12,654 [18] INFO  - Step 'Concatenate Strings6' : Step 'Concatenate Strings6' started
2023-12-20 15:07:12,659 [18] INFO  - Step 'Concatenate Strings6' : Input Parameter 'Prefix', Value: 'Bearer '
2023-12-20 15:07:12,661 [18] INFO  - Step 'Concatenate Strings6' : Input Parameter 'Suffix', Value: 'eyJhbGciOiJIUzI1NiJ9.eyJwcmluY2lwYWwiOiJINHNJQUFBQUFBQUFBSlZTUDA4VVFSUlwvZXg2Y2hFU0JSQklMYklUTzdDVlFYZ1hrSkNFYk1KelhZQUtaMjMwc0E3TXp5XC93NTdocHlsUllVRUpYRXhLXC9BTjhIR0QyQzBzS1cyNWMxeXNLY05jYXJkTjdcLzlcL1h0N2VRMWpSc05TcWhrWEpzeUZTN2tNVGE2NVRBM0dUblBiRDUxQm5hQXRFR3NGc0UwVHVEMUJCWUlJS2p5eE1CTWRzQzZyQ3liVCttYm5BR1BiNkdsWVZEb2RNdTVwbHVHeDBvZmhQWGVzTlA0bFVGSUg1eFdvYmNNMGkyUGxwTjFRc3RuTHVjWmtHNmJLV2FUaVF6OTZGdE1OU3N1Wk1LUFFHa3JXRVpoRU1NbWMzVmVreXRGWWVIcHIxbGt1NmkyMGpRZ2U1OHdZY3ZkUGtwYjExdjI5dHlrcHdSR2NRTFdYQjNTb3V3VVBEVDFQdUtxRW9OUmNTVFBmbHBsSytCNzM0c1FcL21QdjRcL2V6cm9GMEJvRTVlUGZ4Tk9YKytBb09yblQ4dmlxS0QyTUxzaVBVUzF1amw1R2E2Wkg2cjBTdlwvK1BMbTA4WDFoM2VQU05ralh2XC9cL1B1YVhoODMxVjFXV004MnNHdGtSMFI1WFwvVE9Scnp4TWZyZUZmdGppV1M2UVwvaWhwTWJtWEtJa3BibFVyY2RlM2hZbXR6YWk1MjI0MXRcL3hiVGJobDBVVkRzaytLMUg1ZFlhUm9XYWVcL3o3K2R2ZnhKRk9zdzFtWENJWlUrVllJMlhOWkJcL2Y3eVltN3k4NlwvVElzTHdkeDZcL0FYSUpqWUVTQXdBQSIsInN1YiI6Imx1QWx2ZXMiLCJyb2xlcyI6WyJST0xFX1VTRVIiXSwiZXhwIjoxNzAzMDk5MjMyLCJpYXQiOjE3MDMwOTU2MzJ9.EMQaPE9ATPu5zS4sf4-xxZbqiN6xgd-9IU9CODxBDlM'
2023-12-20 15:07:12,665 [18] INFO  - Step 'Concatenate Strings6' : Output Parameter 'Result', Value: 'Bearer eyJhbGciOiJIUzI1NiJ9.eyJwcmluY2lwYWwiOiJINHNJQUFBQUFBQUFBSlZTUDA4VVFSUlwvZXg2Y2hFU0JSQklMYklUTzdDVlFYZ1hrSkNFYk1KelhZQUtaMjMwc0E3TXp5XC93NTdocHlsUllVRUpYRXhLXC9BTjhIR0QyQzBzS1cyNWMxeXNLY05jYXJkTjdcLzlcL1h0N2VRMWpSc05TcWhrWEpzeUZTN2tNVGE2NVRBM0dUblBiRDUxQm5hQXRFR3NGc0UwVHVEMUJCWUlJS2p5eE1CTWRzQzZyQ3liVCttYm5BR1BiNkdsWVZEb2RNdTVwbHVHeDBvZmhQWGVzTlA0bFVGSUg1eFdvYmNNMGkyUGxwTjFRc3RuTHVjWmtHNmJLV2FUaVF6OTZGdE1OU3N1Wk1LUFFHa3JXRVpoRU1NbWMzVmVreXRGWWVIcHIxbGt1NmkyMGpRZ2U1OHdZY3ZkUGtwYjExdjI5dHlrcHdSR2NRTFdYQjNTb3V3VVBEVDFQdUtxRW9OUmNTVFBmbHBsSytCNzM0c1FcL21QdjRcL2V6cm9GMEJvRTVlUGZ4Tk9YKytBb09yblQ4dmlxS0QyTUxzaVBVUzF1amw1R2E2Wkg2cjBTdlwvK1BMbTA4WDFoM2VQU05ralh2XC9cL1B1YVhoODMxVjFXV004MnNHdGtSMFI1WFwvVE9Scnp4TWZyZUZmdGppV1M2UVwvaWhwTWJtWEtJa3BibFVyY2RlM2hZbXR6YWk1MjI0MXRcL3hiVGJobDBVVkRzaytLMUg1ZFlhUm9XYWVcL3o3K2R2ZnhKRk9zdzFtWENJWlUrVllJMlhOWkJcL2Y3eVltN3k4NlwvVElzTHdkeDZcL0FYSUpqWUVTQXdBQSIsInN1YiI6Imx1QWx2ZXMiLCJyb2xlcyI6WyJST0xFX1VTRVIiXSwiZXhwIjoxNzAzMDk5MjMyLCJpYXQiOjE3MDMwOTU2MzJ9.EMQaPE9ATPu5zS4sf4-xxZbqiN6xgd-9IU9CODxBDlM'
2023-12-20 15:07:12,667 [18] INFO  - Step 'Concatenate Strings6' ended successfully
2023-12-20 15:07:12,669 [18] INFO  - Step 'HTTP Request8' : Step 'HTTP Request8' started
2023-12-20 15:07:12,675 [18] INFO  - Step 'HTTP Request8' : Fetching HTTP Url: 'http://localhost:3434/cars-app/api/loanApp'
2023-12-20 15:07:12,759 [18] INFO  - Step 'HTTP Request8' : Server returned status code: 200
2023-12-20 15:07:12,763 [18] INFO  - Step 'HTTP Request8' : HTTP Raw request:
2023-12-20 15:07:12,766 [18] INFO  - Step 'HTTP Request8' : POST http://localhost:3434/cars-app/api/loanApp 1.1
Authorization: Bearer eyJhbGciOiJIUzI1NiJ9.eyJwcmluY2lwYWwiOiJINHNJQUFBQUFBQUFBSlZTUDA4VVFSUlwvZXg2Y2hFU0JSQklMYklUTzdDVlFYZ1hrSkNFYk1KelhZQUtaMjMwc0E3TXp5XC93NTdocHlsUllVRUpYRXhLXC9BTjhIR0QyQzBzS1cyNWMxeXNLY05jYXJkTjdcLzlcL1h0N2VRMWpSc05TcWhrWEpzeUZTN2tNVGE2NVRBM0dUblBiRDUxQm5hQXRFR3NGc0UwVHVEMUJCWUlJS2p5eE1CTWRzQzZyQ3liVCttYm5BR1BiNkdsWVZEb2RNdTVwbHVHeDBvZmhQWGVzTlA0bFVGSUg1eFdvYmNNMGkyUGxwTjFRc3RuTHVjWmtHNmJLV2FUaVF6OTZGdE1OU3N1Wk1LUFFHa3JXRVpoRU1NbWMzVmVreXRGWWVIcHIxbGt1NmkyMGpRZ2U1OHdZY3ZkUGtwYjExdjI5dHlrcHdSR2NRTFdYQjNTb3V3VVBEVDFQdUtxRW9OUmNTVFBmbHBsSytCNzM0c1FcL21QdjRcL2V6cm9GMEJvRTVlUGZ4Tk9YKytBb09yblQ4dmlxS0QyTUxzaVBVUzF1amw1R2E2Wkg2cjBTdlwvK1BMbTA4WDFoM2VQU05ralh2XC9cL1B1YVhoODMxVjFXV004MnNHdGtSMFI1WFwvVE9Scnp4TWZyZUZmdGppV1M2UVwvaWhwTWJtWEtJa3BibFVyY2RlM2hZbXR6YWk1MjI0MXRcL3hiVGJobDBVVkRzaytLMUg1ZFlhUm9XYWVcL3o3K2R2ZnhKRk9zdzFtWENJWlUrVllJMlhOWkJcL2Y3eVltN3k4NlwvVElzTHdkeDZcL0FYSUpqWUVTQXdBQSIsInN1YiI6Imx1QWx2ZXMiLCJyb2xlcyI6WyJST0xFX1VTRVIiXSwiZXhwIjoxNzAzMDk5MjMyLCJpYXQiOjE3MDMwOTU2MzJ9.EMQaPE9ATPu5zS4sf4-xxZbqiN6xgd-9IU9CODxBDlM
Content-Type: application/json
Host: localhost:3434
Content-Length: 409
{
  "firstName": "Luciana",
  "lastName": "Alves",
  "address1": "123 Av guaru",
  "city": "Guarulhos",
  "state": "SP",
  "zip": "321",
  "country": "BR",
  "dob": "02/02/2023 00:00:00",
  "ssn": "222-33-4444",
  "employer": "Teste123 LTDA",
  "phoneNumber": "123-456-7890",
  "durationOfJob": "4 Years",
  "income": 4321,
  "loanTerm": 5,
  "loanAmount": 54321,
  "validateAddress": false
}

2023-12-20 15:07:12,769 [18] INFO  - Step 'HTTP Request8' : HTTP Raw response:
2023-12-20 15:07:12,772 [18] INFO  - Step 'HTTP Request8' : HTTP/1.1 200 OK
X-Application-Context: application:production:3434
Transfer-Encoding: chunked
Content-Type: application/json;charset=UTF-8
Date: Wed, 20 Dec 2023 18:07:12 GMT
Server: Apache-Coyote/1.1
["status: accepted"]
2023-12-20 15:07:12,775 [18] INFO  - Checkpoint 5: "200" = "200" passed
2023-12-20 15:07:12,777 [18] INFO  - Checkpoint 6: "status: accepted" = "status: accepted" passed
2023-12-20 15:07:12,782 [18] INFO  - Step 'HTTP Request8' ended successfully
2023-12-20 15:07:12,784 [18] INFO  - Step 'HTTP Request7' : Step 'HTTP Request7' started
2023-12-20 15:07:12,788 [18] INFO  - Step 'HTTP Request7' : Fetching HTTP Url: 'http://localhost:3434/cars-app/api/loanApp'
2023-12-20 15:07:13,170 [18] INFO  - Step 'HTTP Request7' : Server returned status code: 200
2023-12-20 15:07:13,171 [18] INFO  - Step 'HTTP Request7' : HTTP Raw request:
2023-12-20 15:07:13,173 [18] INFO  - Step 'HTTP Request7' : GET http://localhost:3434/cars-app/api/loanApp 1.1
Authorization: Bearer eyJhbGciOiJIUzI1NiJ9.eyJwcmluY2lwYWwiOiJINHNJQUFBQUFBQUFBSlZTUDA4VVFSUlwvZXg2Y2hFU0JSQklMYklUTzdDVlFYZ1hrSkNFYk1KelhZQUtaMjMwc0E3TXp5XC93NTdocHlsUllVRUpYRXhLXC9BTjhIR0QyQzBzS1cyNWMxeXNLY05jYXJkTjdcLzlcL1h0N2VRMWpSc05TcWhrWEpzeUZTN2tNVGE2NVRBM0dUblBiRDUxQm5hQXRFR3NGc0UwVHVEMUJCWUlJS2p5eE1CTWRzQzZyQ3liVCttYm5BR1BiNkdsWVZEb2RNdTVwbHVHeDBvZmhQWGVzTlA0bFVGSUg1eFdvYmNNMGkyUGxwTjFRc3RuTHVjWmtHNmJLV2FUaVF6OTZGdE1OU3N1Wk1LUFFHa3JXRVpoRU1NbWMzVmVreXRGWWVIcHIxbGt1NmkyMGpRZ2U1OHdZY3ZkUGtwYjExdjI5dHlrcHdSR2NRTFdYQjNTb3V3VVBEVDFQdUtxRW9OUmNTVFBmbHBsSytCNzM0c1FcL21QdjRcL2V6cm9GMEJvRTVlUGZ4Tk9YKytBb09yblQ4dmlxS0QyTUxzaVBVUzF1amw1R2E2Wkg2cjBTdlwvK1BMbTA4WDFoM2VQU05ralh2XC9cL1B1YVhoODMxVjFXV004MnNHdGtSMFI1WFwvVE9Scnp4TWZyZUZmdGppV1M2UVwvaWhwTWJtWEtJa3BibFVyY2RlM2hZbXR6YWk1MjI0MXRcL3hiVGJobDBVVkRzaytLMUg1ZFlhUm9XYWVcL3o3K2R2ZnhKRk9zdzFtWENJWlUrVllJMlhOWkJcL2Y3eVltN3k4NlwvVElzTHdkeDZcL0FYSUpqWUVTQXdBQSIsInN1YiI6Imx1QWx2ZXMiLCJyb2xlcyI6WyJST0xFX1VTRVIiXSwiZXhwIjoxNzAzMDk5MjMyLCJpYXQiOjE3MDMwOTU2MzJ9.EMQaPE9ATPu5zS4sf4-xxZbqiN6xgd-9IU9CODxBDlM
Content-Type: application/json
Host: localhost:3434

2023-12-20 15:07:13,175 [18] INFO  - Step 'HTTP Request7' : HTTP Raw response:
2023-12-20 15:07:13,177 [18] INFO  - Step 'HTTP Request7' : HTTP/1.1 200 OK
X-Application-Context: application:production:3434
Transfer-Encoding: chunked
Content-Type: application/json;charset=UTF-8
Date: Wed, 20 Dec 2023 18:07:12 GMT
Server: Apache-Coyote/1.1
[{"class":"com.ca.lisa.demo.CarLoan","id":1,"address1":"123 Av guaru","city":"Guarulhos","country":"BR","createdDate":"2023-12-20T18:03:05Z","dob":"02/02/2023 00:00:00","durationOfJob":"4 Years","employer":"Teste123 LTDA","firstName":"Luciana","income":4321.0,"lastName":"Alves","loanAmount":54321.0,"loanTerm":5,"loanTermInMonths":60,"offers":[],"phoneNumber":"123-456-7890","ssn":"222-33-4444","state":"SP","username":"luAlves","validateAddress":false,"zip":"321"}]
2023-12-20 15:07:13,179 [18] INFO  - Checkpoint 7: "200" = "200" passed
2023-12-20 15:07:13,181 [18] INFO  - Checkpoint 8: "Luciana" = "Luciana" passed
2023-12-20 15:07:13,184 [18] INFO  - Checkpoint 9: "Alves" = "Alves" passed
2023-12-20 15:07:13,187 [18] INFO  - Checkpoint 10: "luAlves" = "luAlves" passed
2023-12-20 15:07:13,192 [18] INFO  - Step 'HTTP Request7' ended successfully
2023-12-20 15:07:13,194 [18] INFO  - Step 'Iteration 1' ended successfully
2023-12-20 15:07:13,200 [18] INFO  - Step 'Iteration 2' : Step 'Iteration 2' started
2023-12-20 15:07:13,203 [18] INFO  - Step 'HTTP Request4' : Step 'HTTP Request4' started
2023-12-20 15:07:13,206 [18] INFO  - Step 'HTTP Request4' : Fetching HTTP Url: 'http://localhost:3434/cars-app/api/login'
2023-12-20 15:07:13,394 [18] INFO  - Step 'HTTP Request4' : Server returned status code: 200
2023-12-20 15:07:13,397 [18] INFO  - Step 'HTTP Request4' : HTTP Raw request:
2023-12-20 15:07:13,401 [18] INFO  - Step 'HTTP Request4' : POST http://localhost:3434/cars-app/api/login 1.1
Content-Type: application/json
Host: localhost:3434
Content-Length: 53
{
  "username": "feZimmer",
  "password": "1234"
}

2023-12-20 15:07:13,403 [18] INFO  - Step 'HTTP Request4' : HTTP Raw response:
2023-12-20 15:07:13,406 [18] INFO  - Step 'HTTP Request4' : HTTP/1.1 200 OK
Pragma: no-cache
Content-Length: 1167
Cache-Control: no-store
Content-Type: application/json;charset=UTF-8
Date: Wed, 20 Dec 2023 18:07:12 GMT
Server: Apache-Coyote/1.1
{"firstname":"Fernanda","lastname":"Zimmer","username":"feZimmer","token_type":"Bearer","access_token":"eyJhbGciOiJIUzI1NiJ9.eyJwcmluY2lwYWwiOiJINHNJQUFBQUFBQUFBSlZTUDBcL2JRQlJcL0RrR0FrQ2hVS2hKRHVrQzN5cEhhTVZOQktSS3lBaUprU2FWV0ZcL3ZGUFRqZm1ic3pKQXZLQkFNRENJcUV4RmZnbTdSTFAwQUZRMWRtMXI0ekFhZGRVRyt5M1wvMzgrXC9kOGZRZmpSc1A3V0RNdWpKK0tMT2JTTjZubU1qWVlacHJidnA4WjFCSGFITEdhQTFzMGdZZmpsY0FMb01RakN5K0RiYmJIcW9MSnVMcmUyY2JRMW5vYTNpa2REeG03bWlXNHJcL1NPXC84UWRLbzFcL0NSVFUzbWtKSnRvd3g4SlFaZEkybEt6M1VxNHhhc05zTVF0VXVPTkdyMEs2UVdrNUUyWVVPb0dTZFFSR0FVeXp6SDVWcE1yUldIanhZRGF6WEZTYmFHc0JUS2JNR0hMM1Q1S21kZGJkdmJNcEtjRXVIRUM1bDNwMHFMczNEdW83SG45RkNVR3B1WkptcVNVVEZmRXVkK0xFUDZpY1wvVHk1R3JSS0FOVEoyK2VcL0tlWUx5ekQ0XC92bitkVjYwRjFxWUg3RmV3R3E5bE56TUZjeGJHcDN5cjh1Tjg0dTdvMDlqcE93UUhcLzlcL0gwc2ZoczMxVjFTU01zMnNHdGtSMGU2WDNUT1JMejlQXC9yaUZ2dFwva1NTcVFcL2locE1YcVNLSWdwYmxrcjhkaTNoYW5OOWFEK3BkV3NiN3EzeVM2MmVaS2dKdDJaUExiYmx4OG8ydGJ4NzlNZko0czN4TEVHNDN0TVpFaXR6eGFnUnBaMFVCOWVYMVNtdjkwZTV4bUdcLzNQNUR3aVJ0OFVUQXdBQSIsInN1YiI6ImZlWmltbWVyIiwicm9sZXMiOlsiUk9MRV9VU0VSIl0sImV4cCI6MTcwMzA5OTIzMywiaWF0IjoxNzAzMDk1NjMzfQ.sFL7Y_jF_qvjHomiIulpZz1x6N37xWtEYWyDCxAzCmU","roles":["ROLE_USER"]}
2023-12-20 15:07:13,408 [18] INFO  - Checkpoint 0: "200" = "200" passed
2023-12-20 15:07:13,411 [18] INFO  - Checkpoint 1: "Fernanda" = "Fernanda" passed
2023-12-20 15:07:13,413 [18] INFO  - Checkpoint 2: "Zimmer" = "Zimmer" passed
2023-12-20 15:07:13,416 [18] INFO  - Checkpoint 3: "feZimmer" = "feZimmer" passed
2023-12-20 15:07:13,420 [18] INFO  - Checkpoint 4: "ROLE_USER" = "ROLE_USER" passed
2023-12-20 15:07:13,424 [18] INFO  - Step 'HTTP Request4' ended successfully
2023-12-20 15:07:13,428 [18] INFO  - Step 'Set OS Environment Variable5' : Step 'Set OS Environment Variable5' started
2023-12-20 15:07:13,430 [18] INFO  - Step 'Set OS Environment Variable5' : Input Parameter 'Variable name', Value: 'Token'
2023-12-20 15:07:13,433 [18] INFO  - Step 'Set OS Environment Variable5' : Input Parameter 'Variable value', Value: 'eyJhbGciOiJIUzI1NiJ9.eyJwcmluY2lwYWwiOiJINHNJQUFBQUFBQUFBSlZTUDBcL2JRQlJcL0RrR0FrQ2hVS2hKRHVrQzN5cEhhTVZOQktSS3lBaUprU2FWV0ZcL3ZGUFRqZm1ic3pKQXZLQkFNRENJcUV4RmZnbTdSTFAwQUZRMWRtMXI0ekFhZGRVRyt5M1wvMzgrXC9kOGZRZmpSc1A3V0RNdWpKK0tMT2JTTjZubU1qWVlacHJidnA4WjFCSGFITEdhQTFzMGdZZmpsY0FMb01RakN5K0RiYmJIcW9MSnVMcmUyY2JRMW5vYTNpa2REeG03bWlXNHJcL1NPXC84UWRLbzFcL0NSVFUzbWtKSnRvd3g4SlFaZEkybEt6M1VxNHhhc05zTVF0VXVPTkdyMEs2UVdrNUUyWVVPb0dTZFFSR0FVeXp6SDVWcE1yUldIanhZRGF6WEZTYmFHc0JUS2JNR0hMM1Q1S21kZGJkdmJNcEtjRXVIRUM1bDNwMHFMczNEdW83SG45RkNVR3B1WkptcVNVVEZmRXVkK0xFUDZpY1wvVHk1R3JSS0FOVEoyK2VcL0tlWUx5ekQ0XC92bitkVjYwRjFxWUg3RmV3R3E5bE56TUZjeGJHcDN5cjh1Tjg0dTdvMDlqcE93UUhcLzlcL0gwc2ZoczMxVjFTU01zMnNHdGtSMGU2WDNUT1JMejlQXC9yaUZ2dFwva1NTcVFcL2locE1YcVNLSWdwYmxrcjhkaTNoYW5OOWFEK3BkV3NiN3EzeVM2MmVaS2dKdDJaUExiYmx4OG8ydGJ4NzlNZko0czN4TEVHNDN0TVpFaXR6eGFnUnBaMFVCOWVYMVNtdjkwZTV4bUdcLzNQNUR3aVJ0OFVUQXdBQSIsInN1YiI6ImZlWmltbWVyIiwicm9sZXMiOlsiUk9MRV9VU0VSIl0sImV4cCI6MTcwMzA5OTIzMywiaWF0IjoxNzAzMDk1NjMzfQ.sFL7Y_jF_qvjHomiIulpZz1x6N37xWtEYWyDCxAzCmU'
2023-12-20 15:07:13,436 [18] INFO  - Step 'Set OS Environment Variable5' ended successfully
2023-12-20 15:07:13,438 [18] INFO  - Step 'Concatenate Strings6' : Step 'Concatenate Strings6' started
2023-12-20 15:07:13,443 [18] INFO  - Step 'Concatenate Strings6' : Input Parameter 'Prefix', Value: 'Bearer '
2023-12-20 15:07:13,445 [18] INFO  - Step 'Concatenate Strings6' : Input Parameter 'Suffix', Value: 'eyJhbGciOiJIUzI1NiJ9.eyJwcmluY2lwYWwiOiJINHNJQUFBQUFBQUFBSlZTUDBcL2JRQlJcL0RrR0FrQ2hVS2hKRHVrQzN5cEhhTVZOQktSS3lBaUprU2FWV0ZcL3ZGUFRqZm1ic3pKQXZLQkFNRENJcUV4RmZnbTdSTFAwQUZRMWRtMXI0ekFhZGRVRyt5M1wvMzgrXC9kOGZRZmpSc1A3V0RNdWpKK0tMT2JTTjZubU1qWVlacHJidnA4WjFCSGFITEdhQTFzMGdZZmpsY0FMb01RakN5K0RiYmJIcW9MSnVMcmUyY2JRMW5vYTNpa2REeG03bWlXNHJcL1NPXC84UWRLbzFcL0NSVFUzbWtKSnRvd3g4SlFaZEkybEt6M1VxNHhhc05zTVF0VXVPTkdyMEs2UVdrNUUyWVVPb0dTZFFSR0FVeXp6SDVWcE1yUldIanhZRGF6WEZTYmFHc0JUS2JNR0hMM1Q1S21kZGJkdmJNcEtjRXVIRUM1bDNwMHFMczNEdW83SG45RkNVR3B1WkptcVNVVEZmRXVkK0xFUDZpY1wvVHk1R3JSS0FOVEoyK2VcL0tlWUx5ekQ0XC92bitkVjYwRjFxWUg3RmV3R3E5bE56TUZjeGJHcDN5cjh1Tjg0dTdvMDlqcE93UUhcLzlcL0gwc2ZoczMxVjFTU01zMnNHdGtSMGU2WDNUT1JMejlQXC9yaUZ2dFwva1NTcVFcL2locE1YcVNLSWdwYmxrcjhkaTNoYW5OOWFEK3BkV3NiN3EzeVM2MmVaS2dKdDJaUExiYmx4OG8ydGJ4NzlNZko0czN4TEVHNDN0TVpFaXR6eGFnUnBaMFVCOWVYMVNtdjkwZTV4bUdcLzNQNUR3aVJ0OFVUQXdBQSIsInN1YiI6ImZlWmltbWVyIiwicm9sZXMiOlsiUk9MRV9VU0VSIl0sImV4cCI6MTcwMzA5OTIzMywiaWF0IjoxNzAzMDk1NjMzfQ.sFL7Y_jF_qvjHomiIulpZz1x6N37xWtEYWyDCxAzCmU'
2023-12-20 15:07:13,447 [18] INFO  - Step 'Concatenate Strings6' : Output Parameter 'Result', Value: 'Bearer eyJhbGciOiJIUzI1NiJ9.eyJwcmluY2lwYWwiOiJINHNJQUFBQUFBQUFBSlZTUDBcL2JRQlJcL0RrR0FrQ2hVS2hKRHVrQzN5cEhhTVZOQktSS3lBaUprU2FWV0ZcL3ZGUFRqZm1ic3pKQXZLQkFNRENJcUV4RmZnbTdSTFAwQUZRMWRtMXI0ekFhZGRVRyt5M1wvMzgrXC9kOGZRZmpSc1A3V0RNdWpKK0tMT2JTTjZubU1qWVlacHJidnA4WjFCSGFITEdhQTFzMGdZZmpsY0FMb01RakN5K0RiYmJIcW9MSnVMcmUyY2JRMW5vYTNpa2REeG03bWlXNHJcL1NPXC84UWRLbzFcL0NSVFUzbWtKSnRvd3g4SlFaZEkybEt6M1VxNHhhc05zTVF0VXVPTkdyMEs2UVdrNUUyWVVPb0dTZFFSR0FVeXp6SDVWcE1yUldIanhZRGF6WEZTYmFHc0JUS2JNR0hMM1Q1S21kZGJkdmJNcEtjRXVIRUM1bDNwMHFMczNEdW83SG45RkNVR3B1WkptcVNVVEZmRXVkK0xFUDZpY1wvVHk1R3JSS0FOVEoyK2VcL0tlWUx5ekQ0XC92bitkVjYwRjFxWUg3RmV3R3E5bE56TUZjeGJHcDN5cjh1Tjg0dTdvMDlqcE93UUhcLzlcL0gwc2ZoczMxVjFTU01zMnNHdGtSMGU2WDNUT1JMejlQXC9yaUZ2dFwva1NTcVFcL2locE1YcVNLSWdwYmxrcjhkaTNoYW5OOWFEK3BkV3NiN3EzeVM2MmVaS2dKdDJaUExiYmx4OG8ydGJ4NzlNZko0czN4TEVHNDN0TVpFaXR6eGFnUnBaMFVCOWVYMVNtdjkwZTV4bUdcLzNQNUR3aVJ0OFVUQXdBQSIsInN1YiI6ImZlWmltbWVyIiwicm9sZXMiOlsiUk9MRV9VU0VSIl0sImV4cCI6MTcwMzA5OTIzMywiaWF0IjoxNzAzMDk1NjMzfQ.sFL7Y_jF_qvjHomiIulpZz1x6N37xWtEYWyDCxAzCmU'
2023-12-20 15:07:13,450 [18] INFO  - Step 'Concatenate Strings6' ended successfully
2023-12-20 15:07:13,452 [18] INFO  - Step 'HTTP Request8' : Step 'HTTP Request8' started
2023-12-20 15:07:13,460 [18] INFO  - Step 'HTTP Request8' : Fetching HTTP Url: 'http://localhost:3434/cars-app/api/loanApp'
2023-12-20 15:07:13,567 [18] INFO  - Step 'HTTP Request8' : Server returned status code: 200
2023-12-20 15:07:13,569 [18] INFO  - Step 'HTTP Request8' : HTTP Raw request:
2023-12-20 15:07:13,571 [18] INFO  - Step 'HTTP Request8' : POST http://localhost:3434/cars-app/api/loanApp 1.1
Authorization: Bearer eyJhbGciOiJIUzI1NiJ9.eyJwcmluY2lwYWwiOiJINHNJQUFBQUFBQUFBSlZTUDBcL2JRQlJcL0RrR0FrQ2hVS2hKRHVrQzN5cEhhTVZOQktSS3lBaUprU2FWV0ZcL3ZGUFRqZm1ic3pKQXZLQkFNRENJcUV4RmZnbTdSTFAwQUZRMWRtMXI0ekFhZGRVRyt5M1wvMzgrXC9kOGZRZmpSc1A3V0RNdWpKK0tMT2JTTjZubU1qWVlacHJidnA4WjFCSGFITEdhQTFzMGdZZmpsY0FMb01RakN5K0RiYmJIcW9MSnVMcmUyY2JRMW5vYTNpa2REeG03bWlXNHJcL1NPXC84UWRLbzFcL0NSVFUzbWtKSnRvd3g4SlFaZEkybEt6M1VxNHhhc05zTVF0VXVPTkdyMEs2UVdrNUUyWVVPb0dTZFFSR0FVeXp6SDVWcE1yUldIanhZRGF6WEZTYmFHc0JUS2JNR0hMM1Q1S21kZGJkdmJNcEtjRXVIRUM1bDNwMHFMczNEdW83SG45RkNVR3B1WkptcVNVVEZmRXVkK0xFUDZpY1wvVHk1R3JSS0FOVEoyK2VcL0tlWUx5ekQ0XC92bitkVjYwRjFxWUg3RmV3R3E5bE56TUZjeGJHcDN5cjh1Tjg0dTdvMDlqcE93UUhcLzlcL0gwc2ZoczMxVjFTU01zMnNHdGtSMGU2WDNUT1JMejlQXC9yaUZ2dFwva1NTcVFcL2locE1YcVNLSWdwYmxrcjhkaTNoYW5OOWFEK3BkV3NiN3EzeVM2MmVaS2dKdDJaUExiYmx4OG8ydGJ4NzlNZko0czN4TEVHNDN0TVpFaXR6eGFnUnBaMFVCOWVYMVNtdjkwZTV4bUdcLzNQNUR3aVJ0OFVUQXdBQSIsInN1YiI6ImZlWmltbWVyIiwicm9sZXMiOlsiUk9MRV9VU0VSIl0sImV4cCI6MTcwMzA5OTIzMywiaWF0IjoxNzAzMDk1NjMzfQ.sFL7Y_jF_qvjHomiIulpZz1x6N37xWtEYWyDCxAzCmU
Content-Type: application/json
Host: localhost:3434
Content-Length: 412
{
  "firstName": "Fernanda",
  "lastName": "Zimmer",
  "address1": "456 Av teste",
  "city": "São Paulo",
  "state": "SP",
  "zip": "123",
  "country": "BR",
  "dob": "03/03/2024 00:00:00",
  "ssn": "111-22-3333",
  "employer": "Teste321 ABC",
  "phoneNumber": "123-456-7890",
  "durationOfJob": "4 Years",
  "income": 12345,
  "loanTerm": 4,
  "loanAmount": 54324,
  "validateAddress": false
}

2023-12-20 15:07:13,574 [18] INFO  - Step 'HTTP Request8' : HTTP Raw response:
2023-12-20 15:07:13,576 [18] INFO  - Step 'HTTP Request8' : HTTP/1.1 200 OK
X-Application-Context: application:production:3434
Transfer-Encoding: chunked
Content-Type: application/json;charset=UTF-8
Date: Wed, 20 Dec 2023 18:07:12 GMT
Server: Apache-Coyote/1.1
["status: accepted"]
2023-12-20 15:07:13,579 [18] INFO  - Checkpoint 5: "200" = "200" passed
2023-12-20 15:07:13,580 [18] INFO  - Checkpoint 6: "status: accepted" = "status: accepted" passed
2023-12-20 15:07:13,584 [18] INFO  - Step 'HTTP Request8' ended successfully
2023-12-20 15:07:13,587 [18] INFO  - Step 'HTTP Request7' : Step 'HTTP Request7' started
2023-12-20 15:07:13,590 [18] INFO  - Step 'HTTP Request7' : Fetching HTTP Url: 'http://localhost:3434/cars-app/api/loanApp'
2023-12-20 15:07:13,713 [18] INFO  - Step 'HTTP Request7' : Server returned status code: 200
2023-12-20 15:07:13,716 [18] INFO  - Step 'HTTP Request7' : HTTP Raw request:
2023-12-20 15:07:13,717 [18] INFO  - Step 'HTTP Request7' : GET http://localhost:3434/cars-app/api/loanApp 1.1
Authorization: Bearer eyJhbGciOiJIUzI1NiJ9.eyJwcmluY2lwYWwiOiJINHNJQUFBQUFBQUFBSlZTUDBcL2JRQlJcL0RrR0FrQ2hVS2hKRHVrQzN5cEhhTVZOQktSS3lBaUprU2FWV0ZcL3ZGUFRqZm1ic3pKQXZLQkFNRENJcUV4RmZnbTdSTFAwQUZRMWRtMXI0ekFhZGRVRyt5M1wvMzgrXC9kOGZRZmpSc1A3V0RNdWpKK0tMT2JTTjZubU1qWVlacHJidnA4WjFCSGFITEdhQTFzMGdZZmpsY0FMb01RakN5K0RiYmJIcW9MSnVMcmUyY2JRMW5vYTNpa2REeG03bWlXNHJcL1NPXC84UWRLbzFcL0NSVFUzbWtKSnRvd3g4SlFaZEkybEt6M1VxNHhhc05zTVF0VXVPTkdyMEs2UVdrNUUyWVVPb0dTZFFSR0FVeXp6SDVWcE1yUldIanhZRGF6WEZTYmFHc0JUS2JNR0hMM1Q1S21kZGJkdmJNcEtjRXVIRUM1bDNwMHFMczNEdW83SG45RkNVR3B1WkptcVNVVEZmRXVkK0xFUDZpY1wvVHk1R3JSS0FOVEoyK2VcL0tlWUx5ekQ0XC92bitkVjYwRjFxWUg3RmV3R3E5bE56TUZjeGJHcDN5cjh1Tjg0dTdvMDlqcE93UUhcLzlcL0gwc2ZoczMxVjFTU01zMnNHdGtSMGU2WDNUT1JMejlQXC9yaUZ2dFwva1NTcVFcL2locE1YcVNLSWdwYmxrcjhkaTNoYW5OOWFEK3BkV3NiN3EzeVM2MmVaS2dKdDJaUExiYmx4OG8ydGJ4NzlNZko0czN4TEVHNDN0TVpFaXR6eGFnUnBaMFVCOWVYMVNtdjkwZTV4bUdcLzNQNUR3aVJ0OFVUQXdBQSIsInN1YiI6ImZlWmltbWVyIiwicm9sZXMiOlsiUk9MRV9VU0VSIl0sImV4cCI6MTcwMzA5OTIzMywiaWF0IjoxNzAzMDk1NjMzfQ.sFL7Y_jF_qvjHomiIulpZz1x6N37xWtEYWyDCxAzCmU
Content-Type: application/json
Host: localhost:3434

2023-12-20 15:07:13,719 [18] INFO  - Step 'HTTP Request7' : HTTP Raw response:
2023-12-20 15:07:13,720 [18] INFO  - Step 'HTTP Request7' : HTTP/1.1 200 OK
X-Application-Context: application:production:3434
Transfer-Encoding: chunked
Content-Type: application/json;charset=UTF-8
Date: Wed, 20 Dec 2023 18:07:13 GMT
Server: Apache-Coyote/1.1
[{"class":"com.ca.lisa.demo.CarLoan","id":3,"address1":"456 Av teste","city":"São Paulo","country":"BR","createdDate":"2023-12-20T18:07:13Z","dob":"03/03/2024 00:00:00","durationOfJob":"4 Years","employer":"Teste321 ABC","firstName":"Fernanda","income":12345.0,"lastName":"Zimmer","loanAmount":54324.0,"loanTerm":4,"loanTermInMonths":48,"offers":[],"phoneNumber":"123-456-7890","ssn":"111-22-3333","state":"SP","username":"feZimmer","validateAddress":false,"zip":"123"}]
2023-12-20 15:07:13,723 [18] INFO  - Checkpoint 7: "200" = "200" passed
2023-12-20 15:07:13,726 [18] INFO  - Checkpoint 8: "Fernanda" = "Fernanda" passed
2023-12-20 15:07:13,728 [18] INFO  - Checkpoint 9: "Zimmer" = "Zimmer" passed
2023-12-20 15:07:13,729 [18] INFO  - Checkpoint 10: "feZimmer" = "feZimmer" passed
2023-12-20 15:07:13,732 [18] INFO  - Step 'HTTP Request7' ended successfully
2023-12-20 15:07:13,734 [18] INFO  - Step 'Iteration 2' ended successfully
2023-12-20 15:07:13,738 [18] INFO  - Step 'Test Flow' ended successfully
2023-12-20 15:07:16,358 [18] INFO  - Step 'End' : Step 'End' started
2023-12-20 15:07:16,378 [18] INFO  - Step 'End' ended successfully
